#
# A fatal error has been detected by the Java Runtime Environment:
#
#  EXCEPTION_ACCESS_VIOLATION (0xc0000005) at pc=0x00007ffb8e3de238, pid=24484, tid=1200
#
# JRE version: Java(TM) SE Runtime Environment (17.0.10+11) (build 17.0.10+11-LTS-240)
# Java VM: Java HotSpot(TM) 64-Bit Server VM (17.0.10+11-LTS-240, mixed mode, sharing, tiered, compressed oops, compressed class ptrs, g1 gc, windows-amd64)
# Problematic frame:
# C  [_jpype.cp37-win_amd64.pyd+0x2e238]  JPypeException::convertPythonToJava+0x158
#
# No core dump will be written. Minidumps are not enabled by default on client versions of Windows
#
# If you would like to submit a bug report, please visit:
#   https://bugreport.java.com/bugreport/crash.jsp
# The crash happened outside the Java Virtual Machine in native code.
# See problematic frame for where to report the bug.
#

---------------  S U M M A R Y ------------

Command Line: -Dfile.encoding=UTF8 -ea -Xmx1024m 

Host: Intel(R) Xeon(R) W-2245 CPU @ 3.90GHz, 16 cores, 63G,  Windows 11 , 64 bit Build 22621 (10.0.22621.3374)
Time: Mon May 20 10:16:51 2024  Windows 11 , 64 bit Build 22621 (10.0.22621.3374) elapsed time: 188.543388 seconds (0d 0h 3m 8s)

---------------  T H R E A D  ---------------

Current thread (0x000001dd757ff030):  JavaThread "main" [_thread_in_native, id=1200, stack(0x0000003dea400000,0x0000003dea5f0000)]

Stack: [0x0000003dea400000,0x0000003dea5f0000],  sp=0x0000003dea5d72e0,  free space=1884k
Native frames: (J=compiled Java code, j=interpreted, Vv=VM code, C=native code)
C  [_jpype.cp37-win_amd64.pyd+0x2e238]  JPypeException::convertPythonToJava+0x158  (jp_exception.cpp:266)
C  [_jpype.cp37-win_amd64.pyd+0x2d61a]  JPypeException::toJava+0x1fa  (jp_exception.cpp:432)
C  [_jpype.cp37-win_amd64.pyd+0x5fb09]  `JPTypeFactory_rethrow'::`1'::catch$0+0x1d  (jp_typefactory.cpp:50)
C  [VCRUNTIME140.dll+0xc220]
C  [VCRUNTIME140.dll+0x29b2]
C  [ntdll.dll+0xa3c56]
C  [_jpype.cp37-win_amd64.pyd+0x42b5b]  JPTypeFactory_rethrow+0x1b  (jp_typefactory.cpp:47)
C  [_jpype.cp37-win_amd64.pyd+0x5fadd]  `JPTypeFactory_newWrapper'::`1'::catch$4+0x16  (jp_typefactory.cpp:97)
C  [VCRUNTIME140.dll+0xc220]
C  [VCRUNTIME140.dll+0x29b2]
C  [ntdll.dll+0xa3c56]
C  [_jpype.cp37-win_amd64.pyd+0x42af2]  JPTypeFactory_newWrapper+0x72  (jp_typefactory.cpp:97)
C  0x000001dd2bf4d621

Java frames: (J=compiled Java code, j=interpreted, Vv=VM code)
j  org.jpype.manager.TypeFactoryNative.newWrapper(JJ)V+0
j  org.jpype.JPypeContext.newWrapper(J)V+16
v  ~StubRoutines::call_stub

siginfo: EXCEPTION_ACCESS_VIOLATION (0xc0000005), writing address 0x0000000000000000


Registers:
RAX=0x0000000000000000, RBX=0x0000000000000000, RCX=0x000001dd1ceec2c0, RDX=0x000001dd757ff2c0
RSP=0x0000003dea5d72e0, RBP=0x0000003dea5da120, RSI=0x000001dd6f2ad7e0, RDI=0x00007ffb7ed01000
R8 =0x0000000000000000, R9 =0x0000000000000002, R10=0x000001dd16ab0300, R11=0x0000003dea5d72d0
R12=0x0000003dea5d8828, R13=0x00007ffb8e421cc8, R14=0x000001dd759e5910, R15=0x0000003dea5dbea0
RIP=0x00007ffb8e3de238, EFLAGS=0x0000000000010246


Register to memory mapping:

RIP=0x00007ffb8e3de238 _jpype.cp37-win_amd64.pyd::JPypeException::convertPythonToJava + 0x158
RAX=0x0 is NULL
RBX=0x0 is NULL
RCX=0x000001dd1ceec2c0 points into unknown readable memory: 0x000001dd6f2ad7e0 | e0 d7 2a 6f dd 01 00 00
RDX=0x000001dd757ff2c0 points into unknown readable memory: 0x0000003dea5dd080 | 80 d0 5d ea 3d 00 00 00
RSP=0x0000003dea5d72e0 is pointing into the stack for thread: 0x000001dd757ff030
RBP=0x0000003dea5da120 is pointing into the stack for thread: 0x000001dd757ff030
RSI=0x000001dd6f2ad7e0 points into unknown readable memory: 0x00007ffb8e424b60 | 60 4b 42 8e fb 7f 00 00
RDI=0x00007ffb7ed01000 python37.dll
R8 =0x0 is NULL
R9 =0x0000000000000002 is an unknown value
R10=0x000001dd16ab0300 points into unknown readable memory: 0x0000040000000001 | 01 00 00 00 00 04 00 00
R11=0x0000003dea5d72d0 is pointing into the stack for thread: 0x000001dd757ff030
R12=0x0000003dea5d8828 is pointing into the stack for thread: 0x000001dd757ff030
R13=0x00007ffb8e421cc8 _jpype.cp37-win_amd64.pyd::op_names + 0x3748
R14=0x000001dd759e5910 points into unknown readable memory: 0x00000000cdadbd40 | 40 bd ad cd 00 00 00 00
R15=0x0000003dea5dbea0 is pointing into the stack for thread: 0x000001dd757ff030


Top of Stack: (sp=0x0000003dea5d72e0)
0x0000003dea5d72e0:   0000000000000000 0000000000000000
0x0000003dea5d72f0:   000001dd6f2ad7e0 00007ffb7ed01000
0x0000003dea5d7300:   fffffffffffffffe 00007ffb7ea448a5
0x0000003dea5d7310:   00007ffb7ed01000 0000000000000000
0x0000003dea5d7320:   000001dd6f2ad7e0 000001dd757ff2e0
0x0000003dea5d7330:   000001dd6f2a0100 00007ffb7ed01000
0x0000003dea5d7340:   0000000000000000 000001dd18636d88
0x0000003dea5d7350:   00001e493944ab01 000001dd4deed400
0x0000003dea5d7360:   0000003dea5d74e8 00007ffb8e3dd61a
0x0000003dea5d7370:   000001dd757ff2e0 000001dd757ff2e0
0x0000003dea5d7380:   000001dd3e913ce0 000001dd6f2ad7e0
0x0000003dea5d7390:   000001dd712959d0 000001dd3e913ce0
0x0000003dea5d73a0:   000001dd6f2ad7e0 000001dd757ff2e0
0x0000003dea5d73b0:   0000000000000000 00007ffc05073d4b
0x0000003dea5d73c0:   fffffffffffffffe 00007ffc079a3320
0x0000003dea5d73d0:   00007ffb8e421cc8 0000000a656e6f4e 

Instructions: (pc=0x00007ffb8e3de238)
0x00007ffb8e3de138:   24 60 48 89 5c 24 68 4c 8d 44 24 68 48 8d 54 24
0x00007ffb8e3de148:   60 48 8d 4c 24 58 e8 4d 5c 01 00 88 44 24 70 48
0x00007ffb8e3de158:   8b 7c 24 58 84 c0 74 78 48 8b cf e8 48 02 02 00
0x00007ffb8e3de168:   48 85 c0 74 6b 8b 80 98 00 00 00 48 c1 e8 11 24
0x00007ffb8e3de178:   01 74 5d 88 5c 24 70 48 8b 5c 24 60 48 8b cb e8
0x00007ffb8e3de188:   14 bb 02 00 48 85 c0 74 4c 48 8d 0c 03 48 83 39
0x00007ffb8e3de198:   00 74 42 e8 c0 52 01 00 48 8b 4c 24 48 4c 8b 01
0x00007ffb8e3de1a8:   48 8b d0 41 ff 50 68 90 48 8d 4c 24 58 e8 26 63
0x00007ffb8e3de1b8:   01 00 90 80 7c 24 50 00 75 11 48 8b 4c 24 48 48
0x00007ffb8e3de1c8:   8b 01 33 d2 ff 90 a0 00 00 00 90 e9 ac 00 00 00
0x00007ffb8e3de1d8:   48 8b 5c 24 60 48 89 7c 24 30 48 89 5c 24 38 48
0x00007ffb8e3de1e8:   8b 4c 24 48 48 8b 01 4c 8d 4c 24 30 4c 8b 86 80
0x00007ffb8e3de1f8:   01 00 00 48 8b 96 e8 00 00 00 ff 90 20 01 00 00
0x00007ffb8e3de208:   4c 8b f0 48 8d 4c 24 40 e8 4b 5b 00 00 48 8b 8e
0x00007ffb8e3de218:   08 01 00 00 48 ff 07 4c 8d 0d ba dd 00 00 4c 8b
0x00007ffb8e3de228:   c7 49 8b d6 e8 8f db 00 00 48 8b 8e 08 01 00 00
0x00007ffb8e3de238:   48 ff 03 4c 8d 0d 9e dd 00 00 4c 8b c3 49 8b d6
0x00007ffb8e3de248:   e8 73 db 00 00 c6 44 24 70 00 48 8b 4c 24 48 48
0x00007ffb8e3de258:   8b 01 49 8b d6 ff 50 68 90 48 8d 4c 24 58 e8 75
0x00007ffb8e3de268:   62 01 00 90 80 7c 24 50 00 75 11 48 8b 4c 24 48
0x00007ffb8e3de278:   48 8b 01 33 d2 ff 90 a0 00 00 00 90 4c 8d 9c 24
0x00007ffb8e3de288:   80 00 00 00 49 8b 5b 18 49 8b 73 20 49 8b 7b 28
0x00007ffb8e3de298:   49 8b e3 41 5e c3 cc cc cc cc cc cc cc cc cc cc
0x00007ffb8e3de2a8:   cc cc cc cc cc cc cc cc 48 8b c4 57 48 81 ec 00
0x00007ffb8e3de2b8:   01 00 00 48 c7 40 a8 fe ff ff ff 48 89 58 10 48
0x00007ffb8e3de2c8:   89 70 18 48 8b 05 3e 7d 06 00 48 33 c4 48 89 84
0x00007ffb8e3de2d8:   24 f0 00 00 00 48 8b f9 48 8b 09 48 85 c9 75 1c
0x00007ffb8e3de2e8:   48 8d 15 01 92 03 00 48 8b 0d f2 63 03 00 48 8b
0x00007ffb8e3de2f8:   09 ff 15 91 64 03 00 e9 1c 07 00 00 e8 d7 be ff
0x00007ffb8e3de308:   ff 48 8b c8 48 8b 07 48 89 44 24 30 48 89 4c 24
0x00007ffb8e3de318:   38 66 c7 44 24 40 00 00 48 85 c9 75 10 48 8b c8
0x00007ffb8e3de328:   e8 b3 be ff ff 48 8b c8 48 89 44 24 38 48 8b 01 


Stack slot to memory mapping:
stack at sp + 0 slots: 0x0 is NULL
stack at sp + 1 slots: 0x0 is NULL
stack at sp + 2 slots: 0x000001dd6f2ad7e0 points into unknown readable memory: 0x00007ffb8e424b60 | 60 4b 42 8e fb 7f 00 00
stack at sp + 3 slots: 0x00007ffb7ed01000 python37.dll
stack at sp + 4 slots: 0xfffffffffffffffe is an unknown value
stack at sp + 5 slots: 0x00007ffb7ea448a5 python37.dll
stack at sp + 6 slots: 0x00007ffb7ed01000 python37.dll
stack at sp + 7 slots: 0x0 is NULL


---------------  P R O C E S S  ---------------

Threads class SMR info:
_java_thread_list=0x000001dd4251ca10, length=13, elements={
0x000001dd757ff030, 0x000001dd758069b0, 0x000001dd75806ec0, 0x000001dd75808300,
0x000001dd75805570, 0x000001dd75805a80, 0x000001dd758078e0, 0x000001dd162eefc0,
0x000001dd162f64a0, 0x000001dd75807df0, 0x000001dd75808d20, 0x000001dd758018b0,
0x000001dd75809230
}

Java Threads: ( => current thread )
=>0x000001dd757ff030 JavaThread "main" [_thread_in_native, id=1200, stack(0x0000003dea400000,0x0000003dea5f0000)]
  0x000001dd758069b0 JavaThread "Reference Handler" daemon [_thread_blocked, id=12336, stack(0x0000003def180000,0x0000003def370000)]
  0x000001dd75806ec0 JavaThread "Finalizer" daemon [_thread_blocked, id=21476, stack(0x0000003def370000,0x0000003def560000)]
  0x000001dd75808300 JavaThread "Signal Dispatcher" daemon [_thread_blocked, id=34704, stack(0x0000003def560000,0x0000003def750000)]
  0x000001dd75805570 JavaThread "Attach Listener" daemon [_thread_blocked, id=30236, stack(0x0000003def750000,0x0000003def940000)]
  0x000001dd75805a80 JavaThread "Service Thread" daemon [_thread_blocked, id=16420, stack(0x0000003def940000,0x0000003defb30000)]
  0x000001dd758078e0 JavaThread "Monitor Deflation Thread" daemon [_thread_blocked, id=3600, stack(0x0000003defb30000,0x0000003defd20000)]
  0x000001dd162eefc0 JavaThread "C2 CompilerThread0" daemon [_thread_blocked, id=30576, stack(0x0000003defd20000,0x0000003deff10000)]
  0x000001dd162f64a0 JavaThread "C1 CompilerThread0" daemon [_thread_blocked, id=2984, stack(0x0000003deff10000,0x0000003df0100000)]
  0x000001dd75807df0 JavaThread "Sweeper thread" daemon [_thread_blocked, id=29436, stack(0x0000003df0100000,0x0000003df02f0000)]
  0x000001dd75808d20 JavaThread "Notification Thread" daemon [_thread_blocked, id=3612, stack(0x0000003df06d0000,0x0000003df08c0000)]
  0x000001dd758018b0 JavaThread "Common-Cleaner" daemon [_thread_blocked, id=9624, stack(0x0000003df0ab0000,0x0000003df0ca0000)]
  0x000001dd75809230 JavaThread "Python Reference Queue" daemon [_thread_blocked, id=12792, stack(0x0000003df0ca0000,0x0000003df0e90000)]

Other Threads:
  0x000001dd16637100 VMThread "VM Thread" [stack: 0x0000003deef90000,0x0000003def180000] [id=23776]
  0x000001dd1670d250 WatcherThread [stack: 0x0000003df08c0000,0x0000003df0ab0000] [id=30888]
  0x000001dd71171ce0 GCTaskThread "GC Thread#0" [stack: 0x0000003dee5e0000,0x0000003dee7d0000] [id=28456]
  0x000001dd7116e060 GCTaskThread "GC Thread#1" [stack: 0x0000003df1080000,0x0000003df1270000] [id=22788]
  0x000001dd7116fbe0 GCTaskThread "GC Thread#2" [stack: 0x0000003df1270000,0x0000003df1460000] [id=7800]
  0x000001dd71174360 GCTaskThread "GC Thread#3" [stack: 0x0000003df1460000,0x0000003df1650000] [id=6244]
  0x000001dd71172260 GCTaskThread "GC Thread#4" [stack: 0x0000003df1650000,0x0000003df1840000] [id=20068]
  0x000001dd71175120 GCTaskThread "GC Thread#5" [stack: 0x0000003df1840000,0x0000003df1a30000] [id=18508]
  0x000001dd7116d560 GCTaskThread "GC Thread#6" [stack: 0x0000003df1a30000,0x0000003df1c20000] [id=23152]
  0x000001dd7116f0e0 GCTaskThread "GC Thread#7" [stack: 0x0000003df25d0000,0x0000003df27c0000] [id=22252]
  0x000001dd7116ee20 GCTaskThread "GC Thread#8" [stack: 0x0000003df27c0000,0x0000003df29b0000] [id=2000]
  0x000001dd71172520 GCTaskThread "GC Thread#9" [stack: 0x0000003df29b0000,0x0000003df2ba0000] [id=23556]
  0x000001dd711706e0 GCTaskThread "GC Thread#10" [stack: 0x0000003df2ba0000,0x0000003df2d90000] [id=16512]
  0x000001dd711709a0 GCTaskThread "GC Thread#11" [stack: 0x0000003df2d90000,0x0000003df2f80000] [id=21640]
  0x000001dd3d05d880 GCTaskThread "GC Thread#12" [stack: 0x0000003df3740000,0x0000003df3930000] [id=28448]
  0x000001dd169854d0 ConcurrentGCThread "G1 Main Marker" [stack: 0x0000003dee7d0000,0x0000003dee9c0000] [id=34540]
  0x000001dd7116d820 ConcurrentGCThread "G1 Conc#0" [stack: 0x0000003dee9c0000,0x0000003deebb0000] [id=23980]
  0x000001dd3d05a9c0 ConcurrentGCThread "G1 Conc#1" [stack: 0x0000003df3170000,0x0000003df3360000] [id=11888]
  0x000001dd3d05bfc0 ConcurrentGCThread "G1 Conc#2" [stack: 0x0000003df3360000,0x0000003df3550000] [id=26484]
  0x000001dd16ae2020 ConcurrentGCThread "G1 Refine#0" [stack: 0x0000003deebb0000,0x0000003deeda0000] [id=13328]
  0x000001dd16ae2600 ConcurrentGCThread "G1 Refine#1" [stack: 0x0000003df3550000,0x0000003df3740000] [id=29800]
  0x000001dd16ae1460 ConcurrentGCThread "G1 Refine#2" [stack: 0x0000003df3930000,0x0000003df3b20000] [id=31980]
  0x000001dd16a21cc0 ConcurrentGCThread "G1 Service" [stack: 0x0000003deeda0000,0x0000003deef90000] [id=29776]

Threads with active compile tasks:

VM state: not at safepoint (normal execution)

VM Mutex/Monitor currently owned by a thread: None

Heap address: 0x00000000c0000000, size: 1024 MB, Compressed Oops mode: 32-bit

CDS archive(s) mapped at: [0x000001dd80000000-0x000001dd80bd0000-0x000001dd80bd0000), size 12386304, SharedBaseAddress: 0x000001dd80000000, ArchiveRelocationMode: 1.
Compressed class space mapped at: 0x000001dd81000000-0x000001ddc1000000, reserved size: 1073741824
Narrow klass base: 0x000001dd80000000, Narrow klass shift: 0, Narrow klass range: 0x100000000

GC Precious Log:
 CPUs: 16 total, 16 available
 Memory: 65263M
 Large Page Support: Disabled
 NUMA Support: Disabled
 Compressed Oops: Enabled (32-bit)
 Heap Region Size: 1M
 Heap Min Capacity: 8M
 Heap Initial Capacity: 1020M
 Heap Max Capacity: 1G
 Pre-touch: Disabled
 Parallel Workers: 13
 Concurrent Workers: 3
 Concurrent Refinement Workers: 13
 Periodic GC: Disabled

Heap:
 garbage-first heap   total 270336K, used 112105K [0x00000000c0000000, 0x0000000100000000)
  region size 1024K, 34 young (34816K), 1 survivors (1024K)
 Metaspace       used 9994K, committed 10240K, reserved 1114112K
  class space    used 1482K, committed 1600K, reserved 1048576K

Heap Regions: E=young(eden), S=young(survivor), O=old, HS=humongous(starts), HC=humongous(continues), CS=collection set, F=free, OA=open archive, CA=closed archive, TAMS=top-at-mark-start (previous, next)
|   0|0x00000000c0000000, 0x00000000c00ffff8, 0x00000000c0100000| 99%| O|  |TAMS 0x00000000c00ffff8, 0x00000000c0000000| Untracked 
|   1|0x00000000c0100000, 0x00000000c01fffb8, 0x00000000c0200000| 99%| O|  |TAMS 0x00000000c01fffb8, 0x00000000c0100000| Untracked 
|   2|0x00000000c0200000, 0x00000000c02ffff8, 0x00000000c0300000| 99%| O|  |TAMS 0x00000000c02ffff8, 0x00000000c0200000| Untracked 
|   3|0x00000000c0300000, 0x00000000c0400000, 0x00000000c0400000|100%| O|  |TAMS 0x00000000c0400000, 0x00000000c0300000| Untracked 
|   4|0x00000000c0400000, 0x00000000c04fffd8, 0x00000000c0500000| 99%| O|  |TAMS 0x00000000c04fffd8, 0x00000000c0400000| Untracked 
|   5|0x00000000c0500000, 0x00000000c05fffe8, 0x00000000c0600000| 99%| O|  |TAMS 0x00000000c05fffe8, 0x00000000c0500000| Untracked 
|   6|0x00000000c0600000, 0x00000000c0700000, 0x00000000c0700000|100%| O|  |TAMS 0x00000000c0700000, 0x00000000c0600000| Untracked 
|   7|0x00000000c0700000, 0x00000000c07ffff0, 0x00000000c0800000| 99%| O|  |TAMS 0x00000000c07ffff0, 0x00000000c0700000| Untracked 
|   8|0x00000000c0800000, 0x00000000c0900000, 0x00000000c0900000|100%| O|  |TAMS 0x00000000c0900000, 0x00000000c0800000| Untracked 
|   9|0x00000000c0900000, 0x00000000c09f28e0, 0x00000000c0a00000| 94%| O|  |TAMS 0x00000000c0900000, 0x00000000c0900000| Untracked 
|  10|0x00000000c0a00000, 0x00000000c0affff0, 0x00000000c0b00000| 99%| O|  |TAMS 0x00000000c0affff0, 0x00000000c0a00000| Untracked 
|  11|0x00000000c0b00000, 0x00000000c0c00000, 0x00000000c0c00000|100%| O|  |TAMS 0x00000000c0c00000, 0x00000000c0b00000| Untracked 
|  12|0x00000000c0c00000, 0x00000000c0d00000, 0x00000000c0d00000|100%| O|  |TAMS 0x00000000c0d00000, 0x00000000c0c00000| Untracked 
|  13|0x00000000c0d00000, 0x00000000c0e00000, 0x00000000c0e00000|100%| O|  |TAMS 0x00000000c0e00000, 0x00000000c0d00000| Untracked 
|  14|0x00000000c0e00000, 0x00000000c0f00000, 0x00000000c0f00000|100%| O|  |TAMS 0x00000000c0f00000, 0x00000000c0e00000| Untracked 
|  15|0x00000000c0f00000, 0x00000000c0fffff8, 0x00000000c1000000| 99%| O|  |TAMS 0x00000000c0fffff8, 0x00000000c0f00000| Untracked 
|  16|0x00000000c1000000, 0x00000000c1100000, 0x00000000c1100000|100%|HS|  |TAMS 0x00000000c1100000, 0x00000000c1000000| Untracked 
|  17|0x00000000c1100000, 0x00000000c1200000, 0x00000000c1200000|100%|HC|  |TAMS 0x00000000c1200000, 0x00000000c1100000| Untracked 
|  18|0x00000000c1200000, 0x00000000c1300000, 0x00000000c1300000|100%|HS|  |TAMS 0x00000000c1300000, 0x00000000c1200000| Untracked 
|  19|0x00000000c1300000, 0x00000000c1400000, 0x00000000c1400000|100%|HC|  |TAMS 0x00000000c1400000, 0x00000000c1300000| Untracked 
|  20|0x00000000c1400000, 0x00000000c1500000, 0x00000000c1500000|100%| O|  |TAMS 0x00000000c1500000, 0x00000000c1400000| Untracked 
|  21|0x00000000c1500000, 0x00000000c15ffff0, 0x00000000c1600000| 99%| O|  |TAMS 0x00000000c15ffff0, 0x00000000c1500000| Untracked 
|  22|0x00000000c1600000, 0x00000000c1700000, 0x00000000c1700000|100%| O|  |TAMS 0x00000000c1700000, 0x00000000c1600000| Untracked 
|  23|0x00000000c1700000, 0x00000000c1800000, 0x00000000c1800000|100%|HS|  |TAMS 0x00000000c1800000, 0x00000000c1700000| Untracked 
|  24|0x00000000c1800000, 0x00000000c1900000, 0x00000000c1900000|100%|HS|  |TAMS 0x00000000c1900000, 0x00000000c1800000| Untracked 
|  25|0x00000000c1900000, 0x00000000c1a00000, 0x00000000c1a00000|100%| O|  |TAMS 0x00000000c1a00000, 0x00000000c1900000| Untracked 
|  26|0x00000000c1a00000, 0x00000000c1affff8, 0x00000000c1b00000| 99%| O|  |TAMS 0x00000000c1affff8, 0x00000000c1a00000| Untracked 
|  27|0x00000000c1b00000, 0x00000000c1be7a98, 0x00000000c1c00000| 90%| O|  |TAMS 0x00000000c1b00000, 0x00000000c1b00000| Untracked 
|  28|0x00000000c1c00000, 0x00000000c1cd5628, 0x00000000c1d00000| 83%| O|  |TAMS 0x00000000c1c00000, 0x00000000c1c00000| Untracked 
|  29|0x00000000c1d00000, 0x00000000c1e00000, 0x00000000c1e00000|100%| O|  |TAMS 0x00000000c1e00000, 0x00000000c1d00000| Untracked 
|  30|0x00000000c1e00000, 0x00000000c1f00000, 0x00000000c1f00000|100%| O|  |TAMS 0x00000000c1f00000, 0x00000000c1e00000| Untracked 
|  31|0x00000000c1f00000, 0x00000000c1f84068, 0x00000000c2000000| 51%| O|  |TAMS 0x00000000c1f00000, 0x00000000c1f00000| Untracked 
|  32|0x00000000c2000000, 0x00000000c2000e60, 0x00000000c2100000|  0%| O|  |TAMS 0x00000000c2000000, 0x00000000c2000000| Untracked 
|  33|0x00000000c2100000, 0x00000000c2200000, 0x00000000c2200000|100%| O|  |TAMS 0x00000000c2200000, 0x00000000c2100000| Untracked 
|  34|0x00000000c2200000, 0x00000000c2200000, 0x00000000c2300000|  0%| F|  |TAMS 0x00000000c2200000, 0x00000000c2200000| Untracked 
|  35|0x00000000c2300000, 0x00000000c2400000, 0x00000000c2400000|100%|HS|  |TAMS 0x00000000c2400000, 0x00000000c2300000| Untracked 
|  36|0x00000000c2400000, 0x00000000c2500000, 0x00000000c2500000|100%|HC|  |TAMS 0x00000000c2500000, 0x00000000c2400000| Untracked 
|  37|0x00000000c2500000, 0x00000000c2600000, 0x00000000c2600000|100%|HS|  |TAMS 0x00000000c2600000, 0x00000000c2500000| Untracked 
|  38|0x00000000c2600000, 0x00000000c2700000, 0x00000000c2700000|100%|HC|  |TAMS 0x00000000c2700000, 0x00000000c2600000| Untracked 
|  39|0x00000000c2700000, 0x00000000c2700000, 0x00000000c2800000|  0%| F|  |TAMS 0x00000000c2700000, 0x00000000c2700000| Untracked 
|  40|0x00000000c2800000, 0x00000000c2800000, 0x00000000c2900000|  0%| F|  |TAMS 0x00000000c2800000, 0x00000000c2800000| Untracked 
|  41|0x00000000c2900000, 0x00000000c2a00000, 0x00000000c2a00000|100%|HS|  |TAMS 0x00000000c2a00000, 0x00000000c2900000| Untracked 
|  42|0x00000000c2a00000, 0x00000000c2b00000, 0x00000000c2b00000|100%|HC|  |TAMS 0x00000000c2b00000, 0x00000000c2a00000| Untracked 
|  43|0x00000000c2b00000, 0x00000000c2c00000, 0x00000000c2c00000|100%|HS|  |TAMS 0x00000000c2c00000, 0x00000000c2b00000| Untracked 
|  44|0x00000000c2c00000, 0x00000000c2d00000, 0x00000000c2d00000|100%|HC|  |TAMS 0x00000000c2d00000, 0x00000000c2c00000| Untracked 
|  45|0x00000000c2d00000, 0x00000000c2e00000, 0x00000000c2e00000|100%|HS|  |TAMS 0x00000000c2e00000, 0x00000000c2d00000| Untracked 
|  46|0x00000000c2e00000, 0x00000000c2f00000, 0x00000000c2f00000|100%| O|  |TAMS 0x00000000c2f00000, 0x00000000c2e00000| Untracked 
|  47|0x00000000c2f00000, 0x00000000c3000000, 0x00000000c3000000|100%| O|  |TAMS 0x00000000c3000000, 0x00000000c2f00000| Untracked 
|  48|0x00000000c3000000, 0x00000000c3100000, 0x00000000c3100000|100%| O|  |TAMS 0x00000000c3100000, 0x00000000c3000000| Untracked 
|  49|0x00000000c3100000, 0x00000000c3200000, 0x00000000c3200000|100%| O|  |TAMS 0x00000000c3200000, 0x00000000c3100000| Untracked 
|  50|0x00000000c3200000, 0x00000000c3300000, 0x00000000c3300000|100%| O|  |TAMS 0x00000000c3300000, 0x00000000c3200000| Untracked 
|  51|0x00000000c3300000, 0x00000000c3400000, 0x00000000c3400000|100%| O|  |TAMS 0x00000000c3400000, 0x00000000c3300000| Untracked 
|  52|0x00000000c3400000, 0x00000000c3500000, 0x00000000c3500000|100%| O|  |TAMS 0x00000000c3500000, 0x00000000c3400000| Untracked 
|  53|0x00000000c3500000, 0x00000000c3600000, 0x00000000c3600000|100%| O|  |TAMS 0x00000000c3600000, 0x00000000c3500000| Untracked 
|  54|0x00000000c3600000, 0x00000000c3700000, 0x00000000c3700000|100%| O|  |TAMS 0x00000000c3700000, 0x00000000c3600000| Untracked 
|  55|0x00000000c3700000, 0x00000000c3700000, 0x00000000c3800000|  0%| F|  |TAMS 0x00000000c3700000, 0x00000000c3700000| Untracked 
|  56|0x00000000c3800000, 0x00000000c3900000, 0x00000000c3900000|100%| O|  |TAMS 0x00000000c3900000, 0x00000000c3800000| Untracked 
|  57|0x00000000c3900000, 0x00000000c3a00000, 0x00000000c3a00000|100%| O|  |TAMS 0x00000000c3a00000, 0x00000000c3900000| Untracked 
|  58|0x00000000c3a00000, 0x00000000c3b00000, 0x00000000c3b00000|100%| O|  |TAMS 0x00000000c3b00000, 0x00000000c3a00000| Untracked 
|  59|0x00000000c3b00000, 0x00000000c3c00000, 0x00000000c3c00000|100%| O|  |TAMS 0x00000000c3c00000, 0x00000000c3b00000| Untracked 
|  60|0x00000000c3c00000, 0x00000000c3d00000, 0x00000000c3d00000|100%| O|  |TAMS 0x00000000c3d00000, 0x00000000c3c00000| Untracked 
|  61|0x00000000c3d00000, 0x00000000c3e00000, 0x00000000c3e00000|100%| O|  |TAMS 0x00000000c3e00000, 0x00000000c3d00000| Untracked 
|  62|0x00000000c3e00000, 0x00000000c3e00000, 0x00000000c3f00000|  0%| F|  |TAMS 0x00000000c3e00000, 0x00000000c3e00000| Untracked 
|  63|0x00000000c3f00000, 0x00000000c4000000, 0x00000000c4000000|100%| O|  |TAMS 0x00000000c4000000, 0x00000000c3f00000| Untracked 
|  64|0x00000000c4000000, 0x00000000c4000000, 0x00000000c4100000|  0%| F|  |TAMS 0x00000000c4000000, 0x00000000c4000000| Untracked 
|  65|0x00000000c4100000, 0x00000000c4100000, 0x00000000c4200000|  0%| F|  |TAMS 0x00000000c4100000, 0x00000000c4100000| Untracked 
|  66|0x00000000c4200000, 0x00000000c4200000, 0x00000000c4300000|  0%| F|  |TAMS 0x00000000c4200000, 0x00000000c4200000| Untracked 
|  67|0x00000000c4300000, 0x00000000c4300000, 0x00000000c4400000|  0%| F|  |TAMS 0x00000000c4300000, 0x00000000c4300000| Untracked 
|  68|0x00000000c4400000, 0x00000000c4400000, 0x00000000c4500000|  0%| F|  |TAMS 0x00000000c4400000, 0x00000000c4400000| Untracked 
|  69|0x00000000c4500000, 0x00000000c4500000, 0x00000000c4600000|  0%| F|  |TAMS 0x00000000c4500000, 0x00000000c4500000| Untracked 
|  70|0x00000000c4600000, 0x00000000c4600000, 0x00000000c4700000|  0%| F|  |TAMS 0x00000000c4600000, 0x00000000c4600000| Untracked 
|  71|0x00000000c4700000, 0x00000000c4700000, 0x00000000c4800000|  0%| F|  |TAMS 0x00000000c4700000, 0x00000000c4700000| Untracked 
|  72|0x00000000c4800000, 0x00000000c4800000, 0x00000000c4900000|  0%| F|  |TAMS 0x00000000c4800000, 0x00000000c4800000| Untracked 
|  73|0x00000000c4900000, 0x00000000c4900000, 0x00000000c4a00000|  0%| F|  |TAMS 0x00000000c4900000, 0x00000000c4900000| Untracked 
|  74|0x00000000c4a00000, 0x00000000c4a00000, 0x00000000c4b00000|  0%| F|  |TAMS 0x00000000c4a00000, 0x00000000c4a00000| Untracked 
|  75|0x00000000c4b00000, 0x00000000c4b00000, 0x00000000c4c00000|  0%| F|  |TAMS 0x00000000c4b00000, 0x00000000c4b00000| Untracked 
|  76|0x00000000c4c00000, 0x00000000c4c00000, 0x00000000c4d00000|  0%| F|  |TAMS 0x00000000c4c00000, 0x00000000c4c00000| Untracked 
|  77|0x00000000c4d00000, 0x00000000c4d00000, 0x00000000c4e00000|  0%| F|  |TAMS 0x00000000c4d00000, 0x00000000c4d00000| Untracked 
|  78|0x00000000c4e00000, 0x00000000c4e00000, 0x00000000c4f00000|  0%| F|  |TAMS 0x00000000c4e00000, 0x00000000c4e00000| Untracked 
|  79|0x00000000c4f00000, 0x00000000c4f00000, 0x00000000c5000000|  0%| F|  |TAMS 0x00000000c4f00000, 0x00000000c4f00000| Untracked 
|  80|0x00000000c5000000, 0x00000000c5100000, 0x00000000c5100000|100%| O|  |TAMS 0x00000000c5100000, 0x00000000c5000000| Untracked 
|  81|0x00000000c5100000, 0x00000000c5200000, 0x00000000c5200000|100%| O|  |TAMS 0x00000000c5200000, 0x00000000c5100000| Untracked 
|  82|0x00000000c5200000, 0x00000000c5300000, 0x00000000c5300000|100%| O|  |TAMS 0x00000000c5300000, 0x00000000c5200000| Untracked 
|  83|0x00000000c5300000, 0x00000000c5400000, 0x00000000c5400000|100%| O|  |TAMS 0x00000000c5400000, 0x00000000c5300000| Untracked 
|  84|0x00000000c5400000, 0x00000000c5500000, 0x00000000c5500000|100%| O|  |TAMS 0x00000000c5500000, 0x00000000c5400000| Untracked 
|  85|0x00000000c5500000, 0x00000000c5600000, 0x00000000c5600000|100%| O|  |TAMS 0x00000000c5600000, 0x00000000c5500000| Untracked 
|  86|0x00000000c5600000, 0x00000000c5700000, 0x00000000c5700000|100%| O|  |TAMS 0x00000000c5700000, 0x00000000c5600000| Untracked 
|  87|0x00000000c5700000, 0x00000000c5700000, 0x00000000c5800000|  0%| F|  |TAMS 0x00000000c5700000, 0x00000000c5700000| Untracked 
|  88|0x00000000c5800000, 0x00000000c5800000, 0x00000000c5900000|  0%| F|  |TAMS 0x00000000c5800000, 0x00000000c5800000| Untracked 
|  89|0x00000000c5900000, 0x00000000c5900000, 0x00000000c5a00000|  0%| F|  |TAMS 0x00000000c5900000, 0x00000000c5900000| Untracked 
|  90|0x00000000c5a00000, 0x00000000c5a00000, 0x00000000c5b00000|  0%| F|  |TAMS 0x00000000c5a00000, 0x00000000c5a00000| Untracked 
|  91|0x00000000c5b00000, 0x00000000c5b00000, 0x00000000c5c00000|  0%| F|  |TAMS 0x00000000c5b00000, 0x00000000c5b00000| Untracked 
|  92|0x00000000c5c00000, 0x00000000c5c00000, 0x00000000c5d00000|  0%| F|  |TAMS 0x00000000c5c00000, 0x00000000c5c00000| Untracked 
|  93|0x00000000c5d00000, 0x00000000c5d45de0, 0x00000000c5e00000| 27%| S|CS|TAMS 0x00000000c5d00000, 0x00000000c5d00000| Complete 
|  94|0x00000000c5e00000, 0x00000000c5e00000, 0x00000000c5f00000|  0%| F|  |TAMS 0x00000000c5e00000, 0x00000000c5e00000| Untracked 
|  95|0x00000000c5f00000, 0x00000000c5f00000, 0x00000000c6000000|  0%| F|  |TAMS 0x00000000c5f00000, 0x00000000c5f00000| Untracked 
|  96|0x00000000c6000000, 0x00000000c6000000, 0x00000000c6100000|  0%| F|  |TAMS 0x00000000c6000000, 0x00000000c6000000| Untracked 
|  97|0x00000000c6100000, 0x00000000c6100000, 0x00000000c6200000|  0%| F|  |TAMS 0x00000000c6100000, 0x00000000c6100000| Untracked 
|  98|0x00000000c6200000, 0x00000000c6200000, 0x00000000c6300000|  0%| F|  |TAMS 0x00000000c6200000, 0x00000000c6200000| Untracked 
|  99|0x00000000c6300000, 0x00000000c6300000, 0x00000000c6400000|  0%| F|  |TAMS 0x00000000c6300000, 0x00000000c6300000| Untracked 
| 100|0x00000000c6400000, 0x00000000c6400000, 0x00000000c6500000|  0%| F|  |TAMS 0x00000000c6400000, 0x00000000c6400000| Untracked 
| 101|0x00000000c6500000, 0x00000000c6500000, 0x00000000c6600000|  0%| F|  |TAMS 0x00000000c6500000, 0x00000000c6500000| Untracked 
| 102|0x00000000c6600000, 0x00000000c6600000, 0x00000000c6700000|  0%| F|  |TAMS 0x00000000c6600000, 0x00000000c6600000| Untracked 
| 103|0x00000000c6700000, 0x00000000c6700000, 0x00000000c6800000|  0%| F|  |TAMS 0x00000000c6700000, 0x00000000c6700000| Untracked 
| 104|0x00000000c6800000, 0x00000000c6800000, 0x00000000c6900000|  0%| F|  |TAMS 0x00000000c6800000, 0x00000000c6800000| Untracked 
| 105|0x00000000c6900000, 0x00000000c6900000, 0x00000000c6a00000|  0%| F|  |TAMS 0x00000000c6900000, 0x00000000c6900000| Untracked 
| 106|0x00000000c6a00000, 0x00000000c6a00000, 0x00000000c6b00000|  0%| F|  |TAMS 0x00000000c6a00000, 0x00000000c6a00000| Untracked 
| 107|0x00000000c6b00000, 0x00000000c6b00000, 0x00000000c6c00000|  0%| F|  |TAMS 0x00000000c6b00000, 0x00000000c6b00000| Untracked 
| 108|0x00000000c6c00000, 0x00000000c6c00000, 0x00000000c6d00000|  0%| F|  |TAMS 0x00000000c6c00000, 0x00000000c6c00000| Untracked 
| 109|0x00000000c6d00000, 0x00000000c6d00000, 0x00000000c6e00000|  0%| F|  |TAMS 0x00000000c6d00000, 0x00000000c6d00000| Untracked 
| 110|0x00000000c6e00000, 0x00000000c6e00000, 0x00000000c6f00000|  0%| F|  |TAMS 0x00000000c6e00000, 0x00000000c6e00000| Untracked 
| 111|0x00000000c6f00000, 0x00000000c6f00000, 0x00000000c7000000|  0%| F|  |TAMS 0x00000000c6f00000, 0x00000000c6f00000| Untracked 
| 112|0x00000000c7000000, 0x00000000c7000000, 0x00000000c7100000|  0%| F|  |TAMS 0x00000000c7000000, 0x00000000c7000000| Untracked 
| 113|0x00000000c7100000, 0x00000000c7100000, 0x00000000c7200000|  0%| F|  |TAMS 0x00000000c7100000, 0x00000000c7100000| Untracked 
| 114|0x00000000c7200000, 0x00000000c7200000, 0x00000000c7300000|  0%| F|  |TAMS 0x00000000c7200000, 0x00000000c7200000| Untracked 
| 115|0x00000000c7300000, 0x00000000c7300000, 0x00000000c7400000|  0%| F|  |TAMS 0x00000000c7300000, 0x00000000c7300000| Untracked 
| 116|0x00000000c7400000, 0x00000000c7400000, 0x00000000c7500000|  0%| F|  |TAMS 0x00000000c7400000, 0x00000000c7400000| Untracked 
| 117|0x00000000c7500000, 0x00000000c7500000, 0x00000000c7600000|  0%| F|  |TAMS 0x00000000c7500000, 0x00000000c7500000| Untracked 
| 118|0x00000000c7600000, 0x00000000c7600000, 0x00000000c7700000|  0%| F|  |TAMS 0x00000000c7600000, 0x00000000c7600000| Untracked 
| 119|0x00000000c7700000, 0x00000000c7700000, 0x00000000c7800000|  0%| F|  |TAMS 0x00000000c7700000, 0x00000000c7700000| Untracked 
| 120|0x00000000c7800000, 0x00000000c7800000, 0x00000000c7900000|  0%| F|  |TAMS 0x00000000c7800000, 0x00000000c7800000| Untracked 
| 121|0x00000000c7900000, 0x00000000c7900000, 0x00000000c7a00000|  0%| F|  |TAMS 0x00000000c7900000, 0x00000000c7900000| Untracked 
| 122|0x00000000c7a00000, 0x00000000c7a00000, 0x00000000c7b00000|  0%| F|  |TAMS 0x00000000c7a00000, 0x00000000c7a00000| Untracked 
| 123|0x00000000c7b00000, 0x00000000c7b00000, 0x00000000c7c00000|  0%| F|  |TAMS 0x00000000c7b00000, 0x00000000c7b00000| Untracked 
| 124|0x00000000c7c00000, 0x00000000c7c00000, 0x00000000c7d00000|  0%| F|  |TAMS 0x00000000c7c00000, 0x00000000c7c00000| Untracked 
| 125|0x00000000c7d00000, 0x00000000c7d00000, 0x00000000c7e00000|  0%| F|  |TAMS 0x00000000c7d00000, 0x00000000c7d00000| Untracked 
| 126|0x00000000c7e00000, 0x00000000c7e00000, 0x00000000c7f00000|  0%| F|  |TAMS 0x00000000c7e00000, 0x00000000c7e00000| Untracked 
| 127|0x00000000c7f00000, 0x00000000c7f00038, 0x00000000c8000000|  0%| O|  |TAMS 0x00000000c7f00000, 0x00000000c7f00000| Untracked 
| 128|0x00000000c8000000, 0x00000000c8000000, 0x00000000c8100000|  0%| F|  |TAMS 0x00000000c8000000, 0x00000000c8000000| Untracked 
| 129|0x00000000c8100000, 0x00000000c8100000, 0x00000000c8200000|  0%| F|  |TAMS 0x00000000c8100000, 0x00000000c8100000| Untracked 
| 130|0x00000000c8200000, 0x00000000c8200000, 0x00000000c8300000|  0%| F|  |TAMS 0x00000000c8200000, 0x00000000c8200000| Untracked 
| 131|0x00000000c8300000, 0x00000000c8300000, 0x00000000c8400000|  0%| F|  |TAMS 0x00000000c8300000, 0x00000000c8300000| Untracked 
| 132|0x00000000c8400000, 0x00000000c8400000, 0x00000000c8500000|  0%| F|  |TAMS 0x00000000c8400000, 0x00000000c8400000| Untracked 
| 133|0x00000000c8500000, 0x00000000c8500000, 0x00000000c8600000|  0%| F|  |TAMS 0x00000000c8500000, 0x00000000c8500000| Untracked 
| 134|0x00000000c8600000, 0x00000000c8600000, 0x00000000c8700000|  0%| F|  |TAMS 0x00000000c8600000, 0x00000000c8600000| Untracked 
| 135|0x00000000c8700000, 0x00000000c8700000, 0x00000000c8800000|  0%| F|  |TAMS 0x00000000c8700000, 0x00000000c8700000| Untracked 
| 136|0x00000000c8800000, 0x00000000c8800000, 0x00000000c8900000|  0%| F|  |TAMS 0x00000000c8800000, 0x00000000c8800000| Untracked 
| 137|0x00000000c8900000, 0x00000000c8900000, 0x00000000c8a00000|  0%| F|  |TAMS 0x00000000c8900000, 0x00000000c8900000| Untracked 
| 138|0x00000000c8a00000, 0x00000000c8a00000, 0x00000000c8b00000|  0%| F|  |TAMS 0x00000000c8a00000, 0x00000000c8a00000| Untracked 
| 139|0x00000000c8b00000, 0x00000000c8b00000, 0x00000000c8c00000|  0%| F|  |TAMS 0x00000000c8b00000, 0x00000000c8b00000| Untracked 
| 140|0x00000000c8c00000, 0x00000000c8c00000, 0x00000000c8d00000|  0%| F|  |TAMS 0x00000000c8c00000, 0x00000000c8c00000| Untracked 
| 141|0x00000000c8d00000, 0x00000000c8d00000, 0x00000000c8e00000|  0%| F|  |TAMS 0x00000000c8d00000, 0x00000000c8d00000| Untracked 
| 142|0x00000000c8e00000, 0x00000000c8e00000, 0x00000000c8f00000|  0%| F|  |TAMS 0x00000000c8e00000, 0x00000000c8e00000| Untracked 
| 143|0x00000000c8f00000, 0x00000000c8f00000, 0x00000000c9000000|  0%| F|  |TAMS 0x00000000c8f00000, 0x00000000c8f00000| Untracked 
| 144|0x00000000c9000000, 0x00000000c9000000, 0x00000000c9100000|  0%| F|  |TAMS 0x00000000c9000000, 0x00000000c9000000| Untracked 
| 145|0x00000000c9100000, 0x00000000c9100000, 0x00000000c9200000|  0%| F|  |TAMS 0x00000000c9100000, 0x00000000c9100000| Untracked 
| 146|0x00000000c9200000, 0x00000000c9200000, 0x00000000c9300000|  0%| F|  |TAMS 0x00000000c9200000, 0x00000000c9200000| Untracked 
| 147|0x00000000c9300000, 0x00000000c9300000, 0x00000000c9400000|  0%| F|  |TAMS 0x00000000c9300000, 0x00000000c9300000| Untracked 
| 148|0x00000000c9400000, 0x00000000c9400000, 0x00000000c9500000|  0%| F|  |TAMS 0x00000000c9400000, 0x00000000c9400000| Untracked 
| 149|0x00000000c9500000, 0x00000000c9500000, 0x00000000c9600000|  0%| F|  |TAMS 0x00000000c9500000, 0x00000000c9500000| Untracked 
| 150|0x00000000c9600000, 0x00000000c9600000, 0x00000000c9700000|  0%| F|  |TAMS 0x00000000c9600000, 0x00000000c9600000| Untracked 
| 151|0x00000000c9700000, 0x00000000c9700000, 0x00000000c9800000|  0%| F|  |TAMS 0x00000000c9700000, 0x00000000c9700000| Untracked 
| 152|0x00000000c9800000, 0x00000000c9800000, 0x00000000c9900000|  0%| F|  |TAMS 0x00000000c9800000, 0x00000000c9800000| Untracked 
| 153|0x00000000c9900000, 0x00000000c9900000, 0x00000000c9a00000|  0%| F|  |TAMS 0x00000000c9900000, 0x00000000c9900000| Untracked 
| 154|0x00000000c9a00000, 0x00000000c9a00000, 0x00000000c9b00000|  0%| F|  |TAMS 0x00000000c9a00000, 0x00000000c9a00000| Untracked 
| 155|0x00000000c9b00000, 0x00000000c9b00000, 0x00000000c9c00000|  0%| F|  |TAMS 0x00000000c9b00000, 0x00000000c9b00000| Untracked 
| 156|0x00000000c9c00000, 0x00000000c9c00000, 0x00000000c9d00000|  0%| F|  |TAMS 0x00000000c9c00000, 0x00000000c9c00000| Untracked 
| 157|0x00000000c9d00000, 0x00000000c9d00000, 0x00000000c9e00000|  0%| F|  |TAMS 0x00000000c9d00000, 0x00000000c9d00000| Untracked 
| 158|0x00000000c9e00000, 0x00000000c9e00000, 0x00000000c9f00000|  0%| F|  |TAMS 0x00000000c9e00000, 0x00000000c9e00000| Untracked 
| 159|0x00000000c9f00000, 0x00000000c9f00000, 0x00000000ca000000|  0%| F|  |TAMS 0x00000000c9f00000, 0x00000000c9f00000| Untracked 
| 160|0x00000000ca000000, 0x00000000ca000000, 0x00000000ca100000|  0%| F|  |TAMS 0x00000000ca000000, 0x00000000ca000000| Untracked 
| 161|0x00000000ca100000, 0x00000000ca100000, 0x00000000ca200000|  0%| F|  |TAMS 0x00000000ca100000, 0x00000000ca100000| Untracked 
| 162|0x00000000ca200000, 0x00000000ca200000, 0x00000000ca300000|  0%| F|  |TAMS 0x00000000ca200000, 0x00000000ca200000| Untracked 
| 163|0x00000000ca300000, 0x00000000ca300000, 0x00000000ca400000|  0%| F|  |TAMS 0x00000000ca300000, 0x00000000ca300000| Untracked 
| 164|0x00000000ca400000, 0x00000000ca400000, 0x00000000ca500000|  0%| F|  |TAMS 0x00000000ca400000, 0x00000000ca400000| Untracked 
| 165|0x00000000ca500000, 0x00000000ca500000, 0x00000000ca600000|  0%| F|  |TAMS 0x00000000ca500000, 0x00000000ca500000| Untracked 
| 166|0x00000000ca600000, 0x00000000ca600000, 0x00000000ca700000|  0%| F|  |TAMS 0x00000000ca600000, 0x00000000ca600000| Untracked 
| 167|0x00000000ca700000, 0x00000000ca700000, 0x00000000ca800000|  0%| F|  |TAMS 0x00000000ca700000, 0x00000000ca700000| Untracked 
| 168|0x00000000ca800000, 0x00000000ca800000, 0x00000000ca900000|  0%| F|  |TAMS 0x00000000ca800000, 0x00000000ca800000| Untracked 
| 169|0x00000000ca900000, 0x00000000ca900000, 0x00000000caa00000|  0%| F|  |TAMS 0x00000000ca900000, 0x00000000ca900000| Untracked 
| 170|0x00000000caa00000, 0x00000000caa00000, 0x00000000cab00000|  0%| F|  |TAMS 0x00000000caa00000, 0x00000000caa00000| Untracked 
| 171|0x00000000cab00000, 0x00000000cab00000, 0x00000000cac00000|  0%| F|  |TAMS 0x00000000cab00000, 0x00000000cab00000| Untracked 
| 172|0x00000000cac00000, 0x00000000cac00000, 0x00000000cad00000|  0%| F|  |TAMS 0x00000000cac00000, 0x00000000cac00000| Untracked 
| 173|0x00000000cad00000, 0x00000000cad00000, 0x00000000cae00000|  0%| F|  |TAMS 0x00000000cad00000, 0x00000000cad00000| Untracked 
| 174|0x00000000cae00000, 0x00000000cae00000, 0x00000000caf00000|  0%| F|  |TAMS 0x00000000cae00000, 0x00000000cae00000| Untracked 
| 175|0x00000000caf00000, 0x00000000caf00000, 0x00000000cb000000|  0%| F|  |TAMS 0x00000000caf00000, 0x00000000caf00000| Untracked 
| 176|0x00000000cb000000, 0x00000000cb000000, 0x00000000cb100000|  0%| F|  |TAMS 0x00000000cb000000, 0x00000000cb000000| Untracked 
| 177|0x00000000cb100000, 0x00000000cb100000, 0x00000000cb200000|  0%| F|  |TAMS 0x00000000cb100000, 0x00000000cb100000| Untracked 
| 178|0x00000000cb200000, 0x00000000cb200000, 0x00000000cb300000|  0%| F|  |TAMS 0x00000000cb200000, 0x00000000cb200000| Untracked 
| 179|0x00000000cb300000, 0x00000000cb300000, 0x00000000cb400000|  0%| F|  |TAMS 0x00000000cb300000, 0x00000000cb300000| Untracked 
| 180|0x00000000cb400000, 0x00000000cb400000, 0x00000000cb500000|  0%| F|  |TAMS 0x00000000cb400000, 0x00000000cb400000| Untracked 
| 181|0x00000000cb500000, 0x00000000cb500000, 0x00000000cb600000|  0%| F|  |TAMS 0x00000000cb500000, 0x00000000cb500000| Untracked 
| 182|0x00000000cb600000, 0x00000000cb600000, 0x00000000cb700000|  0%| F|  |TAMS 0x00000000cb600000, 0x00000000cb600000| Untracked 
| 183|0x00000000cb700000, 0x00000000cb700000, 0x00000000cb800000|  0%| F|  |TAMS 0x00000000cb700000, 0x00000000cb700000| Untracked 
| 184|0x00000000cb800000, 0x00000000cb800000, 0x00000000cb900000|  0%| F|  |TAMS 0x00000000cb800000, 0x00000000cb800000| Untracked 
| 185|0x00000000cb900000, 0x00000000cb900000, 0x00000000cba00000|  0%| F|  |TAMS 0x00000000cb900000, 0x00000000cb900000| Untracked 
| 186|0x00000000cba00000, 0x00000000cba00000, 0x00000000cbb00000|  0%| F|  |TAMS 0x00000000cba00000, 0x00000000cba00000| Untracked 
| 187|0x00000000cbb00000, 0x00000000cbb00000, 0x00000000cbc00000|  0%| F|  |TAMS 0x00000000cbb00000, 0x00000000cbb00000| Untracked 
| 188|0x00000000cbc00000, 0x00000000cbc00000, 0x00000000cbd00000|  0%| F|  |TAMS 0x00000000cbc00000, 0x00000000cbc00000| Untracked 
| 189|0x00000000cbd00000, 0x00000000cbd00000, 0x00000000cbe00000|  0%| F|  |TAMS 0x00000000cbd00000, 0x00000000cbd00000| Untracked 
| 190|0x00000000cbe00000, 0x00000000cbe00000, 0x00000000cbf00000|  0%| F|  |TAMS 0x00000000cbe00000, 0x00000000cbe00000| Untracked 
| 191|0x00000000cbf00000, 0x00000000cbf00000, 0x00000000cc000000|  0%| F|  |TAMS 0x00000000cbf00000, 0x00000000cbf00000| Untracked 
| 192|0x00000000cc000000, 0x00000000cc000000, 0x00000000cc100000|  0%| F|  |TAMS 0x00000000cc000000, 0x00000000cc000000| Untracked 
| 193|0x00000000cc100000, 0x00000000cc100000, 0x00000000cc200000|  0%| F|  |TAMS 0x00000000cc100000, 0x00000000cc100000| Untracked 
| 194|0x00000000cc200000, 0x00000000cc200000, 0x00000000cc300000|  0%| F|  |TAMS 0x00000000cc200000, 0x00000000cc200000| Untracked 
| 195|0x00000000cc300000, 0x00000000cc300000, 0x00000000cc400000|  0%| F|  |TAMS 0x00000000cc300000, 0x00000000cc300000| Untracked 
| 196|0x00000000cc400000, 0x00000000cc400000, 0x00000000cc500000|  0%| F|  |TAMS 0x00000000cc400000, 0x00000000cc400000| Untracked 
| 197|0x00000000cc500000, 0x00000000cc500000, 0x00000000cc600000|  0%| F|  |TAMS 0x00000000cc500000, 0x00000000cc500000| Untracked 
| 198|0x00000000cc600000, 0x00000000cc600000, 0x00000000cc700000|  0%| F|  |TAMS 0x00000000cc600000, 0x00000000cc600000| Untracked 
| 199|0x00000000cc700000, 0x00000000cc700000, 0x00000000cc800000|  0%| F|  |TAMS 0x00000000cc700000, 0x00000000cc700000| Untracked 
| 200|0x00000000cc800000, 0x00000000cc800000, 0x00000000cc900000|  0%| F|  |TAMS 0x00000000cc800000, 0x00000000cc800000| Untracked 
| 201|0x00000000cc900000, 0x00000000cc900000, 0x00000000cca00000|  0%| F|  |TAMS 0x00000000cc900000, 0x00000000cc900000| Untracked 
| 202|0x00000000cca00000, 0x00000000cca00000, 0x00000000ccb00000|  0%| F|  |TAMS 0x00000000cca00000, 0x00000000cca00000| Untracked 
| 203|0x00000000ccb00000, 0x00000000ccb00000, 0x00000000ccc00000|  0%| F|  |TAMS 0x00000000ccb00000, 0x00000000ccb00000| Untracked 
| 204|0x00000000ccc00000, 0x00000000ccc00000, 0x00000000ccd00000|  0%| F|  |TAMS 0x00000000ccc00000, 0x00000000ccc00000| Untracked 
| 205|0x00000000ccd00000, 0x00000000ccd00000, 0x00000000cce00000|  0%| F|  |TAMS 0x00000000ccd00000, 0x00000000ccd00000| Untracked 
| 206|0x00000000cce00000, 0x00000000cce00000, 0x00000000ccf00000|  0%| F|  |TAMS 0x00000000cce00000, 0x00000000cce00000| Untracked 
| 207|0x00000000ccf00000, 0x00000000ccf00000, 0x00000000cd000000|  0%| F|  |TAMS 0x00000000ccf00000, 0x00000000ccf00000| Untracked 
| 208|0x00000000cd000000, 0x00000000cd000000, 0x00000000cd100000|  0%| F|  |TAMS 0x00000000cd000000, 0x00000000cd000000| Untracked 
| 209|0x00000000cd100000, 0x00000000cd100000, 0x00000000cd200000|  0%| F|  |TAMS 0x00000000cd100000, 0x00000000cd100000| Untracked 
| 210|0x00000000cd200000, 0x00000000cd200000, 0x00000000cd300000|  0%| F|  |TAMS 0x00000000cd200000, 0x00000000cd200000| Untracked 
| 211|0x00000000cd300000, 0x00000000cd300000, 0x00000000cd400000|  0%| F|  |TAMS 0x00000000cd300000, 0x00000000cd300000| Untracked 
| 212|0x00000000cd400000, 0x00000000cd400000, 0x00000000cd500000|  0%| F|  |TAMS 0x00000000cd400000, 0x00000000cd400000| Untracked 
| 213|0x00000000cd500000, 0x00000000cd500000, 0x00000000cd600000|  0%| F|  |TAMS 0x00000000cd500000, 0x00000000cd500000| Untracked 
| 214|0x00000000cd600000, 0x00000000cd600000, 0x00000000cd700000|  0%| F|  |TAMS 0x00000000cd600000, 0x00000000cd600000| Untracked 
| 215|0x00000000cd700000, 0x00000000cd700000, 0x00000000cd800000|  0%| F|  |TAMS 0x00000000cd700000, 0x00000000cd700000| Untracked 
| 216|0x00000000cd800000, 0x00000000cd800000, 0x00000000cd900000|  0%| F|  |TAMS 0x00000000cd800000, 0x00000000cd800000| Untracked 
| 217|0x00000000cd900000, 0x00000000cd900000, 0x00000000cda00000|  0%| F|  |TAMS 0x00000000cd900000, 0x00000000cd900000| Untracked 
| 218|0x00000000cda00000, 0x00000000cdb00000, 0x00000000cdb00000|100%| E|  |TAMS 0x00000000cda00000, 0x00000000cda00000| Complete 
| 219|0x00000000cdb00000, 0x00000000cdc00000, 0x00000000cdc00000|100%| E|CS|TAMS 0x00000000cdb00000, 0x00000000cdb00000| Complete 
| 220|0x00000000cdc00000, 0x00000000cdd00000, 0x00000000cdd00000|100%| E|CS|TAMS 0x00000000cdc00000, 0x00000000cdc00000| Complete 
| 221|0x00000000cdd00000, 0x00000000cde00000, 0x00000000cde00000|100%| E|CS|TAMS 0x00000000cdd00000, 0x00000000cdd00000| Complete 
| 222|0x00000000cde00000, 0x00000000cdf00000, 0x00000000cdf00000|100%| E|CS|TAMS 0x00000000cde00000, 0x00000000cde00000| Complete 
| 223|0x00000000cdf00000, 0x00000000ce000000, 0x00000000ce000000|100%| E|CS|TAMS 0x00000000cdf00000, 0x00000000cdf00000| Complete 
| 224|0x00000000ce000000, 0x00000000ce100000, 0x00000000ce100000|100%| E|CS|TAMS 0x00000000ce000000, 0x00000000ce000000| Complete 
| 225|0x00000000ce100000, 0x00000000ce200000, 0x00000000ce200000|100%| E|CS|TAMS 0x00000000ce100000, 0x00000000ce100000| Complete 
| 226|0x00000000ce200000, 0x00000000ce300000, 0x00000000ce300000|100%| O|  |TAMS 0x00000000ce300000, 0x00000000ce200000| Untracked 
| 227|0x00000000ce300000, 0x00000000ce400000, 0x00000000ce400000|100%| O|  |TAMS 0x00000000ce400000, 0x00000000ce300000| Untracked 
| 228|0x00000000ce400000, 0x00000000ce500000, 0x00000000ce500000|100%| O|  |TAMS 0x00000000ce500000, 0x00000000ce400000| Untracked 
| 229|0x00000000ce500000, 0x00000000ce600000, 0x00000000ce600000|100%| O|  |TAMS 0x00000000ce600000, 0x00000000ce500000| Untracked 
| 230|0x00000000ce600000, 0x00000000ce700000, 0x00000000ce700000|100%| O|  |TAMS 0x00000000ce700000, 0x00000000ce600000| Untracked 
| 231|0x00000000ce700000, 0x00000000ce800000, 0x00000000ce800000|100%| O|  |TAMS 0x00000000ce800000, 0x00000000ce700000| Untracked 
| 232|0x00000000ce800000, 0x00000000ce900000, 0x00000000ce900000|100%| O|  |TAMS 0x00000000ce900000, 0x00000000ce800000| Untracked 
| 233|0x00000000ce900000, 0x00000000cea00000, 0x00000000cea00000|100%| O|  |TAMS 0x00000000cea00000, 0x00000000ce900000| Untracked 
| 234|0x00000000cea00000, 0x00000000ceb00000, 0x00000000ceb00000|100%| O|  |TAMS 0x00000000ceb00000, 0x00000000cea00000| Untracked 
| 235|0x00000000ceb00000, 0x00000000cec00000, 0x00000000cec00000|100%| O|  |TAMS 0x00000000cec00000, 0x00000000ceb00000| Untracked 
| 236|0x00000000cec00000, 0x00000000ced00000, 0x00000000ced00000|100%| O|  |TAMS 0x00000000ced00000, 0x00000000cec00000| Untracked 
| 237|0x00000000ced00000, 0x00000000cee00000, 0x00000000cee00000|100%| O|  |TAMS 0x00000000cee00000, 0x00000000ced00000| Untracked 
| 238|0x00000000cee00000, 0x00000000cef00000, 0x00000000cef00000|100%| O|  |TAMS 0x00000000cef00000, 0x00000000cee00000| Untracked 
| 239|0x00000000cef00000, 0x00000000cf000000, 0x00000000cf000000|100%| E|CS|TAMS 0x00000000cef00000, 0x00000000cef00000| Complete 
| 240|0x00000000cf000000, 0x00000000cf100000, 0x00000000cf100000|100%| E|CS|TAMS 0x00000000cf000000, 0x00000000cf000000| Complete 
| 241|0x00000000cf100000, 0x00000000cf200000, 0x00000000cf200000|100%| E|CS|TAMS 0x00000000cf100000, 0x00000000cf100000| Complete 
| 242|0x00000000cf200000, 0x00000000cf300000, 0x00000000cf300000|100%| E|CS|TAMS 0x00000000cf200000, 0x00000000cf200000| Complete 
| 243|0x00000000cf300000, 0x00000000cf400000, 0x00000000cf400000|100%| E|CS|TAMS 0x00000000cf300000, 0x00000000cf300000| Complete 
| 244|0x00000000cf400000, 0x00000000cf500000, 0x00000000cf500000|100%| E|CS|TAMS 0x00000000cf400000, 0x00000000cf400000| Complete 
| 245|0x00000000cf500000, 0x00000000cf600000, 0x00000000cf600000|100%| E|CS|TAMS 0x00000000cf500000, 0x00000000cf500000| Complete 
| 246|0x00000000cf600000, 0x00000000cf700000, 0x00000000cf700000|100%| E|CS|TAMS 0x00000000cf600000, 0x00000000cf600000| Complete 
| 247|0x00000000cf700000, 0x00000000cf800000, 0x00000000cf800000|100%| E|CS|TAMS 0x00000000cf700000, 0x00000000cf700000| Complete 
| 248|0x00000000cf800000, 0x00000000cf900000, 0x00000000cf900000|100%| E|CS|TAMS 0x00000000cf800000, 0x00000000cf800000| Complete 
| 249|0x00000000cf900000, 0x00000000cfa00000, 0x00000000cfa00000|100%| E|CS|TAMS 0x00000000cf900000, 0x00000000cf900000| Complete 
| 250|0x00000000cfa00000, 0x00000000cfb00000, 0x00000000cfb00000|100%| E|CS|TAMS 0x00000000cfa00000, 0x00000000cfa00000| Complete 
| 251|0x00000000cfb00000, 0x00000000cfc00000, 0x00000000cfc00000|100%| E|CS|TAMS 0x00000000cfb00000, 0x00000000cfb00000| Complete 
| 252|0x00000000cfc00000, 0x00000000cfd00000, 0x00000000cfd00000|100%| E|CS|TAMS 0x00000000cfc00000, 0x00000000cfc00000| Complete 
| 253|0x00000000cfd00000, 0x00000000cfe00000, 0x00000000cfe00000|100%| E|CS|TAMS 0x00000000cfd00000, 0x00000000cfd00000| Complete 
| 254|0x00000000cfe00000, 0x00000000cff00000, 0x00000000cff00000|100%| E|CS|TAMS 0x00000000cfe00000, 0x00000000cfe00000| Complete 
| 255|0x00000000cff00000, 0x00000000d0000000, 0x00000000d0000000|100%| E|CS|TAMS 0x00000000cff00000, 0x00000000cff00000| Complete 
| 256|0x00000000d0000000, 0x00000000d0100000, 0x00000000d0100000|100%| E|CS|TAMS 0x00000000d0000000, 0x00000000d0000000| Complete 
| 257|0x00000000d0100000, 0x00000000d0200000, 0x00000000d0200000|100%| E|CS|TAMS 0x00000000d0100000, 0x00000000d0100000| Complete 
| 258|0x00000000d0200000, 0x00000000d0300000, 0x00000000d0300000|100%| E|CS|TAMS 0x00000000d0200000, 0x00000000d0200000| Complete 
| 259|0x00000000d0300000, 0x00000000d0400000, 0x00000000d0400000|100%| E|CS|TAMS 0x00000000d0300000, 0x00000000d0300000| Complete 
| 260|0x00000000d0400000, 0x00000000d0500000, 0x00000000d0500000|100%| E|CS|TAMS 0x00000000d0400000, 0x00000000d0400000| Complete 
| 261|0x00000000d0500000, 0x00000000d0600000, 0x00000000d0600000|100%| E|CS|TAMS 0x00000000d0500000, 0x00000000d0500000| Complete 
| 262|0x00000000d0600000, 0x00000000d0700000, 0x00000000d0700000|100%| E|CS|TAMS 0x00000000d0600000, 0x00000000d0600000| Complete 
| 263|0x00000000d0700000, 0x00000000d0800000, 0x00000000d0800000|100%| E|CS|TAMS 0x00000000d0700000, 0x00000000d0700000| Complete 

Card table byte_map: [0x000001dd1b110000,0x000001dd1b310000] _byte_map_base: 0x000001dd1ab10000

Marking Bits (Prev, Next): (CMBitMap*) 0x000001dd16487350, (CMBitMap*) 0x000001dd16487310
 Prev Bits: [0x000001dd34af0000, 0x000001dd35af0000)
 Next Bits: [0x000001dd33af0000, 0x000001dd34af0000)

Polling page: 0x000001dd17990000

Metaspace:

Usage:
  Non-class:      8.31 MB used.
      Class:      1.45 MB used.
       Both:      9.76 MB used.

Virtual space:
  Non-class space:       64.00 MB reserved,       8.44 MB ( 13%) committed,  1 nodes.
      Class space:        1.00 GB reserved,       1.56 MB ( <1%) committed,  1 nodes.
             Both:        1.06 GB reserved,      10.00 MB ( <1%) committed. 

Chunk freelists:
   Non-Class:  6.14 MB
       Class:  14.47 MB
        Both:  20.61 MB

MaxMetaspaceSize: unlimited
CompressedClassSpaceSize: 1.00 GB
Initial GC threshold: 21.00 MB
Current GC threshold: 21.00 MB
CDS: on
MetaspaceReclaimPolicy: balanced
 - commit_granule_bytes: 65536.
 - commit_granule_words: 8192.
 - virtual_space_node_default_size: 8388608.
 - enlarge_chunks_in_place: 1.
 - new_chunks_are_fully_committed: 0.
 - uncommit_free_chunks: 1.
 - use_allocation_guard: 0.
 - handle_deallocations: 1.


Internal statistics:

num_allocs_failed_limit: 0.
num_arena_births: 92.
num_arena_deaths: 0.
num_vsnodes_births: 2.
num_vsnodes_deaths: 0.
num_space_committed: 160.
num_space_uncommitted: 0.
num_chunks_returned_to_freelist: 0.
num_chunks_taken_from_freelist: 386.
num_chunk_merges: 0.
num_chunk_splits: 290.
num_chunks_enlarged: 242.
num_inconsistent_stats: 0.

CodeHeap 'non-profiled nmethods': size=119168Kb used=3221Kb max_used=3221Kb free=115946Kb
 bounds [0x000001dd2c690000, 0x000001dd2c9c0000, 0x000001dd33af0000]
CodeHeap 'profiled nmethods': size=119104Kb used=4580Kb max_used=6099Kb free=114523Kb
 bounds [0x000001dd24af0000, 0x000001dd250f0000, 0x000001dd2bf40000]
CodeHeap 'non-nmethods': size=7488Kb used=1163Kb max_used=3022Kb free=6324Kb
 bounds [0x000001dd2bf40000, 0x000001dd2c250000, 0x000001dd2c690000]
 total_blobs=3640 nmethods=3204 adapters=348
 compilation: enabled
              stopped_count=0, restarted_count=0
 full_count=0

Compilation events (20 events):
Event: 85.320 Thread 0x000001dd162eefc0 4123       4       org.openkoreantext.processor.tokenizer.KoreanTokenizer$KoreanToken::equals (192 bytes)
Event: 85.327 Thread 0x000001dd162eefc0 nmethod 4123 0x000001dd2c69e590 code [0x000001dd2c69e720, 0x000001dd2c69eaf8]
Event: 86.141 Thread 0x000001dd162eefc0 4124       4       scala.collection.mutable.ListBuffer::length (5 bytes)
Event: 86.141 Thread 0x000001dd162eefc0 nmethod 4124 0x000001dd2c69e290 code [0x000001dd2c69e400, 0x000001dd2c69e478]
Event: 106.270 Thread 0x000001dd162f64a0 4125       3       org.openkoreantext.processor.stemmer.KoreanStemmer$::$anonfun$stem$2 (453 bytes)
Event: 106.273 Thread 0x000001dd162f64a0 nmethod 4125 0x000001dd24b2a910 code [0x000001dd24b2ae20, 0x000001dd24b2e398]
Event: 111.054 Thread 0x000001dd162eefc0 4126       4       org.openkoreantext.processor.stemmer.KoreanStemmer$::$anonfun$stem$2 (453 bytes)
Event: 111.094 Thread 0x000001dd162eefc0 nmethod 4126 0x000001dd2c9b5b10 code [0x000001dd2c9b5dc0, 0x000001dd2c9b8388]
Event: 120.765 Thread 0x000001dd162f64a0 4127       1       scala.runtime.NonLocalReturnControl::key (5 bytes)
Event: 120.765 Thread 0x000001dd162f64a0 nmethod 4127 0x000001dd2c69df90 code [0x000001dd2c69e120, 0x000001dd2c69e1f8]
Event: 120.765 Thread 0x000001dd162f64a0 4128       1       scala.runtime.NonLocalReturnControl::value (5 bytes)
Event: 120.765 Thread 0x000001dd162f64a0 nmethod 4128 0x000001dd2c69dc90 code [0x000001dd2c69de20, 0x000001dd2c69def8]
Event: 139.163 Thread 0x000001dd162f64a0 4129       3       java.lang.Throwable::<init> (29 bytes)
Event: 139.164 Thread 0x000001dd162f64a0 nmethod 4129 0x000001dd24ff4a10 code [0x000001dd24ff4bc0, 0x000001dd24ff4f28]
Event: 139.164 Thread 0x000001dd162f64a0 4130       3       scala.util.control.NoStackTrace::$init$ (1 bytes)
Event: 139.164 Thread 0x000001dd162f64a0 nmethod 4130 0x000001dd24b2a610 code [0x000001dd24b2a7a0, 0x000001dd24b2a898]
Event: 139.500 Thread 0x000001dd162f64a0 4131       3       scala.runtime.NonLocalReturnControl::<init> (19 bytes)
Event: 139.501 Thread 0x000001dd162f64a0 nmethod 4131 0x000001dd24bde590 code [0x000001dd24bde760, 0x000001dd24bdebd8]
Event: 139.501 Thread 0x000001dd162f64a0 4132       3       scala.runtime.NonLocalReturnControl::fillInStackTrace (2 bytes)
Event: 139.501 Thread 0x000001dd162f64a0 nmethod 4132 0x000001dd24d27010 code [0x000001dd24d271a0, 0x000001dd24d272b8]

GC Heap History (20 events):
Event: 186.689 GC heap before
{Heap before GC invocations=1015 (full 22):
 garbage-first heap   total 270336K, used 237874K [0x00000000c0000000, 0x0000000100000000)
  region size 1024K, 156 young (159744K), 1 survivors (1024K)
 Metaspace       used 9988K, committed 10240K, reserved 1114112K
  class space    used 1480K, committed 1600K, reserved 1048576K
}
Event: 186.690 GC heap after
{Heap after GC invocations=1016 (full 22):
 garbage-first heap   total 270336K, used 79074K [0x00000000c0000000, 0x0000000100000000)
  region size 1024K, 1 young (1024K), 1 survivors (1024K)
 Metaspace       used 9988K, committed 10240K, reserved 1114112K
  class space    used 1480K, committed 1600K, reserved 1048576K
}
Event: 186.892 GC heap before
{Heap before GC invocations=1016 (full 22):
 garbage-first heap   total 270336K, used 237794K [0x00000000c0000000, 0x0000000100000000)
  region size 1024K, 156 young (159744K), 1 survivors (1024K)
 Metaspace       used 9988K, committed 10240K, reserved 1114112K
  class space    used 1480K, committed 1600K, reserved 1048576K
}
Event: 186.893 GC heap after
{Heap after GC invocations=1017 (full 22):
 garbage-first heap   total 270336K, used 79128K [0x00000000c0000000, 0x0000000100000000)
  region size 1024K, 1 young (1024K), 1 survivors (1024K)
 Metaspace       used 9988K, committed 10240K, reserved 1114112K
  class space    used 1480K, committed 1600K, reserved 1048576K
}
Event: 187.078 GC heap before
{Heap before GC invocations=1017 (full 22):
 garbage-first heap   total 270336K, used 237848K [0x00000000c0000000, 0x0000000100000000)
  region size 1024K, 156 young (159744K), 1 survivors (1024K)
 Metaspace       used 9988K, committed 10240K, reserved 1114112K
  class space    used 1480K, committed 1600K, reserved 1048576K
}
Event: 187.078 GC heap after
{Heap after GC invocations=1018 (full 22):
 garbage-first heap   total 270336K, used 79076K [0x00000000c0000000, 0x0000000100000000)
  region size 1024K, 1 young (1024K), 1 survivors (1024K)
 Metaspace       used 9988K, committed 10240K, reserved 1114112K
  class space    used 1480K, committed 1600K, reserved 1048576K
}
Event: 187.257 GC heap before
{Heap before GC invocations=1018 (full 22):
 garbage-first heap   total 270336K, used 237796K [0x00000000c0000000, 0x0000000100000000)
  region size 1024K, 156 young (159744K), 1 survivors (1024K)
 Metaspace       used 9988K, committed 10240K, reserved 1114112K
  class space    used 1480K, committed 1600K, reserved 1048576K
}
Event: 187.258 GC heap after
{Heap after GC invocations=1019 (full 22):
 garbage-first heap   total 270336K, used 79164K [0x00000000c0000000, 0x0000000100000000)
  region size 1024K, 1 young (1024K), 1 survivors (1024K)
 Metaspace       used 9988K, committed 10240K, reserved 1114112K
  class space    used 1480K, committed 1600K, reserved 1048576K
}
Event: 187.436 GC heap before
{Heap before GC invocations=1019 (full 22):
 garbage-first heap   total 270336K, used 237884K [0x00000000c0000000, 0x0000000100000000)
  region size 1024K, 156 young (159744K), 1 survivors (1024K)
 Metaspace       used 9988K, committed 10240K, reserved 1114112K
  class space    used 1480K, committed 1600K, reserved 1048576K
}
Event: 187.437 GC heap after
{Heap after GC invocations=1020 (full 22):
 garbage-first heap   total 270336K, used 79139K [0x00000000c0000000, 0x0000000100000000)
  region size 1024K, 1 young (1024K), 1 survivors (1024K)
 Metaspace       used 9988K, committed 10240K, reserved 1114112K
  class space    used 1480K, committed 1600K, reserved 1048576K
}
Event: 187.626 GC heap before
{Heap before GC invocations=1020 (full 22):
 garbage-first heap   total 270336K, used 237859K [0x00000000c0000000, 0x0000000100000000)
  region size 1024K, 156 young (159744K), 1 survivors (1024K)
 Metaspace       used 9988K, committed 10240K, reserved 1114112K
  class space    used 1480K, committed 1600K, reserved 1048576K
}
Event: 187.627 GC heap after
{Heap after GC invocations=1021 (full 22):
 garbage-first heap   total 270336K, used 79112K [0x00000000c0000000, 0x0000000100000000)
  region size 1024K, 1 young (1024K), 1 survivors (1024K)
 Metaspace       used 9988K, committed 10240K, reserved 1114112K
  class space    used 1480K, committed 1600K, reserved 1048576K
}
Event: 187.816 GC heap before
{Heap before GC invocations=1021 (full 22):
 garbage-first heap   total 270336K, used 237832K [0x00000000c0000000, 0x0000000100000000)
  region size 1024K, 156 young (159744K), 1 survivors (1024K)
 Metaspace       used 9988K, committed 10240K, reserved 1114112K
  class space    used 1480K, committed 1600K, reserved 1048576K
}
Event: 187.817 GC heap after
{Heap after GC invocations=1022 (full 22):
 garbage-first heap   total 270336K, used 79096K [0x00000000c0000000, 0x0000000100000000)
  region size 1024K, 1 young (1024K), 1 survivors (1024K)
 Metaspace       used 9988K, committed 10240K, reserved 1114112K
  class space    used 1480K, committed 1600K, reserved 1048576K
}
Event: 188.037 GC heap before
{Heap before GC invocations=1022 (full 22):
 garbage-first heap   total 270336K, used 237816K [0x00000000c0000000, 0x0000000100000000)
  region size 1024K, 156 young (159744K), 1 survivors (1024K)
 Metaspace       used 9988K, committed 10240K, reserved 1114112K
  class space    used 1480K, committed 1600K, reserved 1048576K
}
Event: 188.038 GC heap after
{Heap after GC invocations=1023 (full 22):
 garbage-first heap   total 270336K, used 79150K [0x00000000c0000000, 0x0000000100000000)
  region size 1024K, 1 young (1024K), 1 survivors (1024K)
 Metaspace       used 9988K, committed 10240K, reserved 1114112K
  class space    used 1480K, committed 1600K, reserved 1048576K
}
Event: 188.194 GC heap before
{Heap before GC invocations=1023 (full 22):
 garbage-first heap   total 270336K, used 237870K [0x00000000c0000000, 0x0000000100000000)
  region size 1024K, 156 young (159744K), 1 survivors (1024K)
 Metaspace       used 9988K, committed 10240K, reserved 1114112K
  class space    used 1480K, committed 1600K, reserved 1048576K
}
Event: 188.195 GC heap after
{Heap after GC invocations=1024 (full 22):
 garbage-first heap   total 270336K, used 79127K [0x00000000c0000000, 0x0000000100000000)
  region size 1024K, 1 young (1024K), 1 survivors (1024K)
 Metaspace       used 9988K, committed 10240K, reserved 1114112K
  class space    used 1480K, committed 1600K, reserved 1048576K
}
Event: 188.409 GC heap before
{Heap before GC invocations=1024 (full 22):
 garbage-first heap   total 270336K, used 237847K [0x00000000c0000000, 0x0000000100000000)
  region size 1024K, 156 young (159744K), 1 survivors (1024K)
 Metaspace       used 9990K, committed 10240K, reserved 1114112K
  class space    used 1480K, committed 1600K, reserved 1048576K
}
Event: 188.410 GC heap after
{Heap after GC invocations=1025 (full 22):
 garbage-first heap   total 270336K, used 79337K [0x00000000c0000000, 0x0000000100000000)
  region size 1024K, 1 young (1024K), 1 survivors (1024K)
 Metaspace       used 9990K, committed 10240K, reserved 1114112K
  class space    used 1480K, committed 1600K, reserved 1048576K
}

Deoptimization events (20 events):
Event: 46.951 Thread 0x000001dd757ff030 Uncommon trap: trap_request=0xffffffde fr.pc=0x000001dd2c80ed80 relative=0x0000000000001460
Event: 46.951 Thread 0x000001dd757ff030 Uncommon trap: reason=class_check action=maybe_recompile pc=0x000001dd2c80ed80 method=java.util.HashMap.putVal(ILjava/lang/Object;Ljava/lang/Object;ZZ)Ljava/lang/Object; @ 91 c2
Event: 46.951 Thread 0x000001dd757ff030 DEOPT PACKING pc=0x000001dd2c80ed80 sp=0x0000003dea5edb40
Event: 46.951 Thread 0x000001dd757ff030 DEOPT UNPACKING pc=0x000001dd2bf95ba3 sp=0x0000003dea5edb10 mode 2
Event: 94.810 Thread 0x000001dd757ff030 Uncommon trap: trap_request=0xffffffc6 fr.pc=0x000001dd2c8f6c58 relative=0x0000000000000538
Event: 94.810 Thread 0x000001dd757ff030 Uncommon trap: reason=bimorphic_or_optimized_type_check action=maybe_recompile pc=0x000001dd2c8f6c58 method=scala.collection.immutable.HashMap$HashTrieMap.get0(Ljava/lang/Object;II)Lscala/Option; @ 28 c2
Event: 94.810 Thread 0x000001dd757ff030 DEOPT PACKING pc=0x000001dd2c8f6c58 sp=0x0000003dea5ee090
Event: 94.810 Thread 0x000001dd757ff030 DEOPT UNPACKING pc=0x000001dd2bf95ba3 sp=0x0000003dea5edff0 mode 2
Event: 106.269 Thread 0x000001dd757ff030 Uncommon trap: trap_request=0xffffff45 fr.pc=0x000001dd2c92c6a8 relative=0x0000000000001e48
Event: 106.269 Thread 0x000001dd757ff030 Uncommon trap: reason=unstable_if action=reinterpret pc=0x000001dd2c92c6a8 method=org.openkoreantext.processor.stemmer.KoreanStemmer$.$anonfun$stem$2(Lorg/openkoreantext/processor/stemmer/KoreanStemmer$;Lscala/collection/immutable/List;Lorg/openkoreantext
Event: 106.269 Thread 0x000001dd757ff030 DEOPT PACKING pc=0x000001dd2c92c6a8 sp=0x0000003dea5ee0d0
Event: 106.269 Thread 0x000001dd757ff030 DEOPT UNPACKING pc=0x000001dd2bf95ba3 sp=0x0000003dea5ee050 mode 2
Event: 188.360 Thread 0x000001dd757ff030 Uncommon trap: trap_request=0xffffff45 fr.pc=0x000001dd2c8727c8 relative=0x0000000000001d48
Event: 188.360 Thread 0x000001dd757ff030 Uncommon trap: reason=unstable_if action=reinterpret pc=0x000001dd2c8727c8 method=java.util.TimSort.mergeLo(IIII)V @ 487 c2
Event: 188.360 Thread 0x000001dd757ff030 DEOPT PACKING pc=0x000001dd2c8727c8 sp=0x0000003dea5edc60
Event: 188.360 Thread 0x000001dd757ff030 DEOPT UNPACKING pc=0x000001dd2bf95ba3 sp=0x0000003dea5edc38 mode 2
Event: 188.483 Thread 0x000001dd757ff030 Uncommon trap: trap_request=0xffffff45 fr.pc=0x000001dd2c74719c relative=0x000000000000043c
Event: 188.483 Thread 0x000001dd757ff030 Uncommon trap: reason=unstable_if action=reinterpret pc=0x000001dd2c74719c method=org.jpype.manager.TypeManager.findClassForObject(Ljava/lang/Object;)J @ 8 c2
Event: 188.483 Thread 0x000001dd757ff030 DEOPT PACKING pc=0x000001dd2c74719c sp=0x0000003dea5ee220
Event: 188.483 Thread 0x000001dd757ff030 DEOPT UNPACKING pc=0x000001dd2bf95ba3 sp=0x0000003dea5ee1f0 mode 2

Classes unloaded (0 events):
No events

Classes redefined (0 events):
No events

Internal exceptions (20 events):
Event: 1.474 Thread 0x000001dd757ff030 Exception <a 'java/lang/NoSuchMethodError'{0x00000000c177c698}: 'java.lang.Object java.lang.invoke.DirectMethodHandle$Holder.invokeStatic(java.lang.Object, java.lang.Object, int, java.lang.Object, java.lang.Object)'> (0x00000000c177c698) 
thrown [s\open\src\hotspot\share\interpreter\linkResolver.cpp, line 759]
Event: 1.475 Thread 0x000001dd757ff030 Exception <a 'java/lang/NoSuchMethodError'{0x00000000c17869e8}: 'java.lang.Object java.lang.invoke.DirectMethodHandle$Holder.newInvokeSpecial(java.lang.Object, java.lang.Object, int, java.lang.Object)'> (0x00000000c17869e8) 
thrown [s\open\src\hotspot\share\interpreter\linkResolver.cpp, line 759]
Event: 1.475 Thread 0x000001dd757ff030 Exception <a 'java/lang/NoSuchMethodError'{0x00000000c178ae88}: 'java.lang.Object java.lang.invoke.DirectMethodHandle$Holder.invokeSpecial(java.lang.Object, java.lang.Object, java.lang.Object, int, java.lang.Object)'> (0x00000000c178ae88) 
thrown [s\open\src\hotspot\share\interpreter\linkResolver.cpp, line 759]
Event: 1.493 Thread 0x000001dd757ff030 Exception <a 'java/lang/NoSuchMethodError'{0x00000000c165cae8}: 'java.lang.Object java.lang.invoke.DirectMethodHandle$Holder.invokeStaticInit(java.lang.Object, java.lang.Object, java.lang.Object, java.lang.Object)'> (0x00000000c165cae8) 
thrown [s\open\src\hotspot\share\interpreter\linkResolver.cpp, line 759]
Event: 1.503 Thread 0x000001dd757ff030 Exception <a 'java/lang/NoSuchMethodError'{0x00000000c16cf638}: 'void java.lang.invoke.DirectMethodHandle$Holder.invokeStatic(java.lang.Object, java.lang.Object)'> (0x00000000c16cf638) 
thrown [s\open\src\hotspot\share\interpreter\linkResolver.cpp, line 759]
Event: 1.675 Thread 0x000001dd757ff030 Exception <a 'java/lang/NoSuchMethodError'{0x00000000e0ac0dc0}: 'java.lang.Object java.lang.invoke.DirectMethodHandle$Holder.invokeStatic(java.lang.Object, java.lang.Object, int, java.lang.Object)'> (0x00000000e0ac0dc0) 
thrown [s\open\src\hotspot\share\interpreter\linkResolver.cpp, line 759]
Event: 1.676 Thread 0x000001dd757ff030 Exception <a 'java/lang/NoSuchMethodError'{0x00000000e0ac9a10}: 'java.lang.Object java.lang.invoke.DirectMethodHandle$Holder.newInvokeSpecial(java.lang.Object, java.lang.Object, int)'> (0x00000000e0ac9a10) 
thrown [s\open\src\hotspot\share\interpreter\linkResolver.cpp, line 759]
Event: 1.683 Thread 0x000001dd757ff030 Exception <a 'java/lang/NoSuchMethodError'{0x00000000e0aef7e0}: 'java.lang.Object java.lang.invoke.DirectMethodHandle$Holder.invokeStatic(java.lang.Object, int, java.lang.Object)'> (0x00000000e0aef7e0) 
thrown [s\open\src\hotspot\share\interpreter\linkResolver.cpp, line 759]
Event: 2.327 Thread 0x000001dd757ff030 Exception <a 'java/lang/NoSuchMethodError'{0x00000000dbcd21c0}: 'java.lang.Object java.lang.invoke.DirectMethodHandle$Holder.newInvokeSpecial(java.lang.Object, java.lang.Object, java.lang.Object, java.lang.Object, java.lang.Object, int)'> (0x00000000dbcd21c0) 
thrown [s\open\src\hotspot\share\interpreter\linkResolver.cpp, line 759]
Event: 2.328 Thread 0x000001dd757ff030 Exception <a 'java/lang/NoSuchMethodError'{0x00000000dbcd6828}: 'java.lang.Object java.lang.invoke.DirectMethodHandle$Holder.invokeSpecial(java.lang.Object, java.lang.Object, java.lang.Object, java.lang.Object, java.lang.Object, java.lang.Object, int)'> (0x00000000dbcd6828) 
thrown [s\open\src\hotspot\share\interpreter\linkResolver.cpp, line 759]
Event: 2.350 Thread 0x000001dd757ff030 Exception <a 'java/lang/NoSuchMethodError'{0x00000000dbb8b410}: 'java.lang.Object java.lang.invoke.DirectMethodHandle$Holder.newInvokeSpecial(java.lang.Object, java.lang.Object, java.lang.Object, java.lang.Object, int, java.lang.Object)'> (0x00000000dbb8b410) 
thrown [s\open\src\hotspot\share\interpreter\linkResolver.cpp, line 759]
Event: 2.351 Thread 0x000001dd757ff030 Exception <a 'java/lang/NoSuchMethodError'{0x00000000dbb8f6e8}: 'java.lang.Object java.lang.invoke.DirectMethodHandle$Holder.invokeSpecial(java.lang.Object, java.lang.Object, java.lang.Object, java.lang.Object, java.lang.Object, int, java.lang.Object)'> (0x00000000dbb8f6e8) 
thrown [s\open\src\hotspot\share\interpreter\linkResolver.cpp, line 759]
Event: 2.363 Thread 0x000001dd757ff030 Exception <a 'java/lang/NoSuchMethodError'{0x00000000dbbce548}: 'java.lang.Object java.lang.invoke.DirectMethodHandle$Holder.invokeStaticInit(java.lang.Object, java.lang.Object, java.lang.Object, java.lang.Object, java.lang.Object)'> (0x00000000dbbce548) 
thrown [s\open\src\hotspot\share\interpreter\linkResolver.cpp, line 759]
Event: 2.364 Thread 0x000001dd757ff030 Exception <a 'java/lang/NoSuchMethodError'{0x00000000dbbd5280}: 'java.lang.Object java.lang.invoke.Invokers$Holder.invoke_MT(java.lang.Object, java.lang.Object, java.lang.Object, java.lang.Object, java.lang.Object, java.lang.Object)'> (0x00000000dbbd5280) 
thrown [s\open\src\hotspot\share\interpreter\linkResolver.cpp, line 759]
Event: 2.366 Thread 0x000001dd757ff030 Exception <a 'java/lang/NoSuchMethodError'{0x00000000dbbe23d0}: 'java.lang.Object java.lang.invoke.Invokers$Holder.invoker(java.lang.Object, java.lang.Object, java.lang.Object)'> (0x00000000dbbe23d0) 
thrown [s\open\src\hotspot\share\interpreter\linkResolver.cpp, line 759]
Event: 2.366 Thread 0x000001dd757ff030 Exception <a 'java/lang/NoSuchMethodError'{0x00000000dbbeab20}: 'java.lang.Object java.lang.invoke.DirectMethodHandle$Holder.invokeStatic(java.lang.Object, java.lang.Object, int)'> (0x00000000dbbeab20) 
thrown [s\open\src\hotspot\share\interpreter\linkResolver.cpp, line 759]
Event: 2.367 Thread 0x000001dd757ff030 Exception <a 'java/lang/NoSuchMethodError'{0x00000000dbbf5a38}: 'void java.lang.invoke.DelegatingMethodHandle$Holder.delegate(java.lang.Object, java.lang.Object, int, java.lang.Object)'> (0x00000000dbbf5a38) 
thrown [s\open\src\hotspot\share\interpreter\linkResolver.cpp, line 759]
Event: 2.367 Thread 0x000001dd757ff030 Exception <a 'java/lang/NoSuchMethodError'{0x00000000dbbfa108}: 'int java.lang.invoke.DirectMethodHandle$Holder.invokeSpecial(java.lang.Object, java.lang.Object, java.lang.Object)'> (0x00000000dbbfa108) 
thrown [s\open\src\hotspot\share\interpreter\linkResolver.cpp, line 759]
Event: 2.368 Thread 0x000001dd757ff030 Exception <a 'java/lang/NoSuchMethodError'{0x00000000dba02d68}: 'java.lang.Object java.lang.invoke.Invokers$Holder.invokeExact_MT(java.lang.Object, java.lang.Object, java.lang.Object, java.lang.Object)'> (0x00000000dba02d68) 
thrown [s\open\src\hotspot\share\interpreter\linkResolver.cpp, line 759]
Event: 188.483 Thread 0x000001dd757ff030 Exception <a 'java/lang/InterruptedException'{0x00000000cdad88f8}: sleep interrupted> (0x00000000cdad88f8) 
thrown [s\open\src\hotspot\share\prims\jvm.cpp, line 3038]

VM Operations (20 events):
Event: 186.689 Executing VM operation: G1CollectForAllocation
Event: 186.690 Executing VM operation: G1CollectForAllocation done
Event: 186.892 Executing VM operation: G1CollectForAllocation
Event: 186.893 Executing VM operation: G1CollectForAllocation done
Event: 187.078 Executing VM operation: G1CollectForAllocation
Event: 187.078 Executing VM operation: G1CollectForAllocation done
Event: 187.257 Executing VM operation: G1CollectForAllocation
Event: 187.258 Executing VM operation: G1CollectForAllocation done
Event: 187.436 Executing VM operation: G1CollectForAllocation
Event: 187.437 Executing VM operation: G1CollectForAllocation done
Event: 187.626 Executing VM operation: G1CollectForAllocation
Event: 187.627 Executing VM operation: G1CollectForAllocation done
Event: 187.816 Executing VM operation: G1CollectForAllocation
Event: 187.817 Executing VM operation: G1CollectForAllocation done
Event: 188.037 Executing VM operation: G1CollectForAllocation
Event: 188.038 Executing VM operation: G1CollectForAllocation done
Event: 188.194 Executing VM operation: G1CollectForAllocation
Event: 188.195 Executing VM operation: G1CollectForAllocation done
Event: 188.409 Executing VM operation: G1CollectForAllocation
Event: 188.410 Executing VM operation: G1CollectForAllocation done

Events (20 events):
Event: 4.254 Thread 0x000001dd75807df0 flushing nmethod 0x000001dd25068b10
Event: 4.254 Thread 0x000001dd75807df0 flushing nmethod 0x000001dd2506d690
Event: 4.254 Thread 0x000001dd75807df0 flushing nmethod 0x000001dd25079b90
Event: 4.254 Thread 0x000001dd75807df0 flushing nmethod 0x000001dd250a2510
Event: 4.255 Thread 0x000001dd75807df0 flushing nmethod 0x000001dd250c4110
Event: 4.255 Thread 0x000001dd75807df0 flushing nmethod 0x000001dd250d4c10
Event: 4.255 Thread 0x000001dd75807df0 flushing nmethod 0x000001dd250dda10
Event: 4.255 Thread 0x000001dd75807df0 flushing nmethod 0x000001dd250de490
Event: 4.255 Thread 0x000001dd75807df0 flushing nmethod 0x000001dd250df590
Event: 4.532 Thread 0x000001dd3f1c8e70 Thread exited: 0x000001dd3f1c8e70
Event: 4.532 Thread 0x000001dd3f1ce370 Thread exited: 0x000001dd3f1ce370
Event: 5.514 Thread 0x000001dd3f1cbe40 Thread added: 0x000001dd3f1cbe40
Event: 6.077 Thread 0x000001dd3f1cbe40 Thread exited: 0x000001dd3f1cbe40
Event: 7.276 Thread 0x000001dd162f79e0 Thread exited: 0x000001dd162f79e0
Event: 8.579 Thread 0x000001dd162f69f0 Thread exited: 0x000001dd162f69f0
Event: 8.579 Thread 0x000001dd162eea70 Thread exited: 0x000001dd162eea70
Event: 188.391 loading class jdk/internal/misc/Signal$1
Event: 188.391 loading class jdk/internal/misc/Signal$1 done
Event: 188.391 Thread 0x000001dd7580bab0 Thread added: 0x000001dd7580bab0
Event: 188.392 Thread 0x000001dd7580bab0 Thread exited: 0x000001dd7580bab0


Dynamic libraries:
0x00007ff636830000 - 0x00007ff63684c000 	C:\Users\data_17\AppData\Local\Programs\Python\Python37\python.exe
0x00007ffc07950000 - 0x00007ffc07b66000 	C:\WINDOWS\SYSTEM32\ntdll.dll
0x00007ffc06df0000 - 0x00007ffc06eb4000 	C:\WINDOWS\System32\KERNEL32.DLL
0x00007ffc05050000 - 0x00007ffc053f7000 	C:\WINDOWS\System32\KERNELBASE.dll
0x00007ffc04d90000 - 0x00007ffc04ea1000 	C:\WINDOWS\System32\ucrtbase.dll
0x00007ffb7ea00000 - 0x00007ffb7edc1000 	C:\Users\data_17\AppData\Local\Programs\Python\Python37\python37.dll
0x00007ffbddae0000 - 0x00007ffbddaf7000 	C:\Users\data_17\AppData\Local\Programs\Python\Python37\VCRUNTIME140.dll
0x00007ffc078a0000 - 0x00007ffc078fe000 	C:\WINDOWS\System32\SHLWAPI.dll
0x00007ffbfdc50000 - 0x00007ffbfdc5a000 	C:\WINDOWS\SYSTEM32\VERSION.dll
0x00007ffc063d0000 - 0x00007ffc06477000 	C:\WINDOWS\System32\msvcrt.dll
0x00007ffc06fc0000 - 0x00007ffc07031000 	C:\WINDOWS\System32\WS2_32.dll
0x00007ffc06c70000 - 0x00007ffc06d85000 	C:\WINDOWS\System32\RPCRT4.dll
0x00007ffc070d0000 - 0x00007ffc07182000 	C:\WINDOWS\System32\ADVAPI32.dll
0x00007ffc05690000 - 0x00007ffc05738000 	C:\WINDOWS\System32\sechost.dll
0x00007ffc04f30000 - 0x00007ffc04f58000 	C:\WINDOWS\System32\bcrypt.dll
0x00007ffc04480000 - 0x00007ffc0449b000 	C:\WINDOWS\SYSTEM32\CRYPTSP.dll
0x00007ffc03c80000 - 0x00007ffc03cb5000 	C:\WINDOWS\system32\rsaenh.dll
0x00007ffc04470000 - 0x00007ffc0447c000 	C:\WINDOWS\SYSTEM32\CRYPTBASE.dll
0x00007ffc04eb0000 - 0x00007ffc04f29000 	C:\WINDOWS\System32\bcryptPrimitives.dll
0x00007ffbf1240000 - 0x00007ffbf124f000 	C:\Users\data_17\AppData\Local\Programs\Python\Python37\python3.DLL
0x00007ffbd56c0000 - 0x00007ffbd56e4000 	C:\Users\data_17\AppData\Local\Programs\Python\Python37\DLLs\_ctypes.pyd
0x00007ffc05740000 - 0x00007ffc058e5000 	C:\WINDOWS\System32\ole32.dll
0x00007ffc055e0000 - 0x00007ffc0567a000 	C:\WINDOWS\System32\msvcp_win.dll
0x00007ffc07040000 - 0x00007ffc07069000 	C:\WINDOWS\System32\GDI32.dll
0x00007ffc05020000 - 0x00007ffc05046000 	C:\WINDOWS\System32\win32u.dll
0x00007ffc04c70000 - 0x00007ffc04d89000 	C:\WINDOWS\System32\gdi32full.dll
0x00007ffc06480000 - 0x00007ffc0662e000 	C:\WINDOWS\System32\USER32.dll
0x00007ffc072f0000 - 0x00007ffc07678000 	C:\WINDOWS\System32\combase.dll
0x00007ffc06ec0000 - 0x00007ffc06f97000 	C:\WINDOWS\System32\OLEAUT32.dll
0x00007ffc07070000 - 0x00007ffc070a1000 	C:\WINDOWS\System32\IMM32.DLL
0x000000006a8c0000 - 0x000000006c673000 	C:\ai\.venv\lib\site-packages\numpy\.libs\libopenblas.XWYDX2IKJW2NMTWSFYNGFUWKQU3LYTCZ.gfortran-win_amd64.dll
0x00007ffb86f40000 - 0x00007ffb8722b000 	C:\ai\.venv\lib\site-packages\numpy\core\_multiarray_umath.cp37-win_amd64.pyd
0x00007ffbdcbf0000 - 0x00007ffbdcc10000 	C:\ai\.venv\lib\site-packages\numpy\core\_multiarray_tests.cp37-win_amd64.pyd
0x00007ffbdb7a0000 - 0x00007ffbdb7b6000 	C:\Users\data_17\AppData\Local\Programs\Python\Python37\DLLs\_socket.pyd
0x00007ffbf1170000 - 0x00007ffbf117a000 	C:\Users\data_17\AppData\Local\Programs\Python\Python37\DLLs\select.pyd
0x00007ffbefd70000 - 0x00007ffbefd7a000 	C:\ai\.venv\lib\site-packages\numpy\linalg\lapack_lite.cp37-win_amd64.pyd
0x00007ffbccc90000 - 0x00007ffbcccba000 	C:\ai\.venv\lib\site-packages\numpy\linalg\_umath_linalg.cp37-win_amd64.pyd
0x00007ffbc4f30000 - 0x00007ffbc4f51000 	C:\ai\.venv\lib\site-packages\numpy\fft\_pocketfft_internal.cp37-win_amd64.pyd
0x00007ffb9a510000 - 0x00007ffb9a5a5000 	C:\ai\.venv\lib\site-packages\numpy\random\mtrand.cp37-win_amd64.pyd
0x00007ffbbf4d0000 - 0x00007ffbbf4fb000 	C:\ai\.venv\lib\site-packages\numpy\random\bit_generator.cp37-win_amd64.pyd
0x00007ffbba380000 - 0x00007ffbba3b1000 	C:\ai\.venv\lib\site-packages\numpy\random\_common.cp37-win_amd64.pyd
0x00007ffbed3f0000 - 0x00007ffbed3fe000 	C:\Users\data_17\AppData\Local\Programs\Python\Python37\DLLs\_hashlib.pyd
0x00007ffb7a3f0000 - 0x00007ffb7a736000 	C:\Users\data_17\AppData\Local\Programs\Python\Python37\DLLs\libcrypto-1_1.dll
0x00007ffbb9b60000 - 0x00007ffbb9ba4000 	C:\ai\.venv\lib\site-packages\numpy\random\_bounded_integers.cp37-win_amd64.pyd
0x00007ffbbf780000 - 0x00007ffbbf798000 	C:\ai\.venv\lib\site-packages\numpy\random\_mt19937.cp37-win_amd64.pyd
0x00007ffbbf640000 - 0x00007ffbbf657000 	C:\ai\.venv\lib\site-packages\numpy\random\_philox.cp37-win_amd64.pyd
0x00007ffbbf1e0000 - 0x00007ffbbf1f9000 	C:\ai\.venv\lib\site-packages\numpy\random\_pcg64.cp37-win_amd64.pyd
0x00007ffbbf080000 - 0x00007ffbbf092000 	C:\ai\.venv\lib\site-packages\numpy\random\_sfc64.cp37-win_amd64.pyd
0x00007ffb9a0a0000 - 0x00007ffb9a14d000 	C:\ai\.venv\lib\site-packages\numpy\random\_generator.cp37-win_amd64.pyd
0x00007ffb8f620000 - 0x00007ffb8f723000 	C:\ai\.venv\lib\site-packages\pandas\_libs\interval.cp37-win_amd64.pyd
0x00007ffb8d2f0000 - 0x00007ffb8d423000 	C:\ai\.venv\lib\site-packages\pandas\_libs\hashtable.cp37-win_amd64.pyd
0x00007ffbb9ee0000 - 0x00007ffbb9f0d000 	C:\ai\.venv\lib\site-packages\pandas\_libs\missing.cp37-win_amd64.pyd
0x00007ffbbef20000 - 0x00007ffbbef3e000 	C:\ai\.venv\lib\site-packages\pandas\_libs\tslibs\dtypes.cp37-win_amd64.pyd
0x00007ffbb98d0000 - 0x00007ffbb990d000 	C:\ai\.venv\lib\site-packages\pandas\_libs\tslibs\conversion.cp37-win_amd64.pyd
0x00007ffbe94e0000 - 0x00007ffbe94ef000 	C:\ai\.venv\lib\site-packages\pandas\_libs\tslibs\base.cp37-win_amd64.pyd
0x00007ffbaf7b0000 - 0x00007ffbaf7e2000 	C:\ai\.venv\lib\site-packages\pandas\_libs\tslibs\nattype.cp37-win_amd64.pyd
0x00007ffbe6920000 - 0x00007ffbe692f000 	C:\ai\.venv\lib\site-packages\pandas\_libs\tslibs\np_datetime.cp37-win_amd64.pyd
0x00007ffbaf620000 - 0x00007ffbaf655000 	C:\ai\.venv\lib\site-packages\pandas\_libs\tslibs\timezones.cp37-win_amd64.pyd
0x000001dd6e9c0000 - 0x000001dd6e9c3000 	C:\WINDOWS\SYSTEM32\tzres.dll
0x00007ffbaf1a0000 - 0x00007ffbaf1dc000 	C:\ai\.venv\lib\site-packages\pandas\_libs\tslibs\tzconversion.cp37-win_amd64.pyd
0x00007ffbba360000 - 0x00007ffbba372000 	C:\ai\.venv\lib\site-packages\pandas\_libs\tslibs\ccalendar.cp37-win_amd64.pyd
0x00007ffbae7a0000 - 0x00007ffbae7f3000 	C:\ai\.venv\lib\site-packages\pandas\_libs\tslibs\parsing.cp37-win_amd64.pyd
0x00007ffb97590000 - 0x00007ffb97657000 	C:\ai\.venv\lib\site-packages\pandas\_libs\tslibs\offsets.cp37-win_amd64.pyd
0x00007ffbaaf90000 - 0x00007ffbaaff0000 	C:\ai\.venv\lib\site-packages\pandas\_libs\tslibs\timedeltas.cp37-win_amd64.pyd
0x00007ffba87f0000 - 0x00007ffba8832000 	C:\ai\.venv\lib\site-packages\pandas\_libs\tslibs\fields.cp37-win_amd64.pyd
0x00007ffba8720000 - 0x00007ffba876d000 	C:\ai\.venv\lib\site-packages\pandas\_libs\tslibs\strptime.cp37-win_amd64.pyd
0x00007ffba6da0000 - 0x00007ffba6e08000 	C:\ai\.venv\lib\site-packages\pandas\_libs\tslibs\timestamps.cp37-win_amd64.pyd
0x00007ffbba320000 - 0x00007ffbba333000 	C:\ai\.venv\lib\site-packages\pandas\_libs\properties.cp37-win_amd64.pyd
0x00007ffba7f60000 - 0x00007ffba7fa4000 	C:\Users\data_17\AppData\Local\Programs\Python\Python37\DLLs\_decimal.pyd
0x00007ffba6560000 - 0x00007ffba65bb000 	C:\ai\.venv\lib\site-packages\pandas\_libs\tslibs\period.cp37-win_amd64.pyd
0x00007ffba9970000 - 0x00007ffba99a4000 	C:\ai\.venv\lib\site-packages\pandas\_libs\tslibs\vectorized.cp37-win_amd64.pyd
0x00007ffbb9970000 - 0x00007ffbb9982000 	C:\ai\.venv\lib\site-packages\pandas\_libs\ops_dispatch.cp37-win_amd64.pyd
0x00007ffb8bfc0000 - 0x00007ffb8c101000 	C:\ai\.venv\lib\site-packages\pandas\_libs\algos.cp37-win_amd64.pyd
0x00007ffb9a020000 - 0x00007ffb9a098000 	C:\ai\.venv\lib\site-packages\pandas\_libs\lib.cp37-win_amd64.pyd
0x00007ffbaf890000 - 0x00007ffbaf8b7000 	C:\ai\.venv\lib\site-packages\pandas\_libs\tslib.cp37-win_amd64.pyd
0x00007ffbaf170000 - 0x00007ffbaf19b000 	C:\ai\.venv\lib\site-packages\pandas\_libs\hashing.cp37-win_amd64.pyd
0x00007ffba8000000 - 0x00007ffba8033000 	C:\ai\.venv\lib\site-packages\pandas\_libs\ops.cp37-win_amd64.pyd
0x00007ffbaecb0000 - 0x00007ffbaecca000 	C:\Users\data_17\AppData\Local\Programs\Python\Python37\DLLs\_bz2.pyd
0x00007ffbaead0000 - 0x00007ffbaeafe000 	C:\Users\data_17\AppData\Local\Programs\Python\Python37\DLLs\_lzma.pyd
0x00007ffba9f70000 - 0x00007ffba9f88000 	C:\ai\.venv\lib\site-packages\pandas\_libs\arrays.cp37-win_amd64.pyd
0x00007ffb8ea40000 - 0x00007ffb8eb49000 	C:\Users\data_17\AppData\Local\Programs\Python\Python37\DLLs\unicodedata.pyd
0x00007ffb99ad0000 - 0x00007ffb99b45000 	C:\ai\.venv\lib\site-packages\pandas\_libs\index.cp37-win_amd64.pyd
0x00007ffb7d2a0000 - 0x00007ffb7d473000 	C:\ai\.venv\lib\site-packages\pandas\_libs\join.cp37-win_amd64.pyd
0x00007ffb949c0000 - 0x00007ffb94a86000 	C:\ai\.venv\lib\site-packages\pandas\_libs\sparse.cp37-win_amd64.pyd
0x00007ffb99760000 - 0x00007ffb997a2000 	C:\ai\.venv\lib\site-packages\pandas\_libs\reduction.cp37-win_amd64.pyd
0x00007ffbe4c30000 - 0x00007ffbe4c40000 	C:\ai\.venv\lib\site-packages\pandas\_libs\indexing.cp37-win_amd64.pyd
0x00007ffb97380000 - 0x00007ffb973c4000 	C:\ai\.venv\lib\site-packages\pandas\_libs\internals.cp37-win_amd64.pyd
0x00007ffb98020000 - 0x00007ffb98051000 	C:\ai\.venv\lib\site-packages\pandas\_libs\writers.cp37-win_amd64.pyd
0x00007ffb96a60000 - 0x00007ffb96aab000 	C:\ai\.venv\lib\site-packages\pandas\_libs\window\aggregations.cp37-win_amd64.pyd
0x00007ffb94490000 - 0x00007ffb9452b000 	C:\ai\.venv\lib\site-packages\pandas\_libs\window\MSVCP140.dll
0x00007ffba82b0000 - 0x00007ffba82d9000 	C:\ai\.venv\lib\site-packages\pandas\_libs\window\indexers.cp37-win_amd64.pyd
0x00007ffb952d0000 - 0x00007ffb9530d000 	C:\ai\.venv\lib\site-packages\pandas\_libs\reshape.cp37-win_amd64.pyd
0x00007ffb8f530000 - 0x00007ffb8f617000 	C:\ai\.venv\lib\site-packages\pandas\_libs\groupby.cp37-win_amd64.pyd
0x00007ffb94750000 - 0x00007ffb947b1000 	C:\ai\.venv\lib\site-packages\pandas\_libs\parsers.cp37-win_amd64.pyd
0x00007ffba8250000 - 0x00007ffba8265000 	C:\ai\.venv\lib\site-packages\pandas\_libs\json.cp37-win_amd64.pyd
0x00007ffba6c10000 - 0x00007ffba6c26000 	C:\ai\.venv\lib\site-packages\pandas\_libs\testing.cp37-win_amd64.pyd
0x00007ffba6aa0000 - 0x00007ffba6ac0000 	C:\Users\data_17\AppData\Local\Programs\Python\Python37\DLLs\_ssl.pyd
0x00007ffc05470000 - 0x00007ffc055d7000 	C:\WINDOWS\System32\CRYPT32.dll
0x00007ffb8ecf0000 - 0x00007ffb8ed9c000 	C:\Users\data_17\AppData\Local\Programs\Python\Python37\DLLs\libssl-1_1.dll
0x00007ffb8e3b0000 - 0x00007ffb8e46c000 	C:\ai\.venv\lib\site-packages\_jpype.cp37-win_amd64.pyd
0x00007ffbe4520000 - 0x00007ffbe452a000 	C:\Users\data_17\AppData\Local\Programs\Python\Python37\DLLs\_queue.pyd
0x00007ffbe42e0000 - 0x00007ffbe42e9000 	C:\WINDOWS\SYSTEM32\msvcp140_1.dll
0x00007ffac47f0000 - 0x00007ffaeae82000 	C:\ai\.venv\lib\site-packages\tensorflow\python\_pywrap_tensorflow_internal.pyd
0x00007ffc07900000 - 0x00007ffc07908000 	C:\WINDOWS\System32\Normaliz.dll
0x00007ffc058f0000 - 0x00007ffc0614c000 	C:\WINDOWS\System32\SHELL32.dll
0x00007ffbf1f10000 - 0x00007ffbf2143000 	C:\WINDOWS\SYSTEM32\dbghelp.dll
0x00007ffbde670000 - 0x00007ffbde67c000 	C:\WINDOWS\SYSTEM32\VCRUNTIME140_1.dll
0x00007ffba6540000 - 0x00007ffba655d000 	C:\ai\.venv\lib\site-packages\google\protobuf\internal\_api_implementation.cp37-win_amd64.pyd
0x00007ffb7ce60000 - 0x00007ffb7cfee000 	C:\ai\.venv\lib\site-packages\google\protobuf\pyext\_message.cp37-win_amd64.pyd
0x00007ffb732e0000 - 0x00007ffb736fc000 	C:\ai\.venv\lib\site-packages\tensorflow\python\_pywrap_tfe.pyd
0x00007ffb78580000 - 0x00007ffb788d4000 	C:\ai\.venv\lib\site-packages\tensorflow\python\platform\_pywrap_tf2.pyd
0x00007ffb6e250000 - 0x00007ffb6e65b000 	C:\ai\.venv\lib\site-packages\tensorflow\python\client\_pywrap_tf_session.pyd
0x00007ffb89fc0000 - 0x00007ffb8a0de000 	C:\ai\.venv\lib\site-packages\tensorflow\python\util\_tf_stack.pyd
0x00007ffbe2f30000 - 0x00007ffbe2f3e000 	C:\ai\.venv\lib\site-packages\wrapt\_wrappers.cp37-win_amd64.pyd
0x00007ffb95290000 - 0x00007ffb952c2000 	C:\ai\.venv\lib\site-packages\tensorflow\python\util\_pywrap_utils.pyd
0x00007ffb99ff0000 - 0x00007ffb9a011000 	C:\ai\.venv\lib\site-packages\tensorflow\python\util\_pywrap_nest.pyd
0x00007ffb99ee0000 - 0x00007ffb99f02000 	C:\ai\.venv\lib\site-packages\tensorflow\python\_pywrap_py_exception_registry.pyd
0x00007ffb76230000 - 0x00007ffb764e1000 	C:\ai\.venv\lib\site-packages\tensorflow\python\framework\_dtypes.pyd
0x00007ffb99730000 - 0x00007ffb99751000 	C:\ai\.venv\lib\site-packages\tensorflow\python\lib\core\_pywrap_bfloat16.pyd
0x00007ffb74970000 - 0x00007ffb74cc9000 	C:\ai\.venv\lib\site-packages\tensorflow\python\profiler\internal\_pywrap_traceme.pyd
0x00007ffb93980000 - 0x00007ffb939c1000 	C:\ai\.venv\lib\site-packages\tensorflow\python\framework\_pywrap_python_api_dispatcher.pyd
0x00007ffb6def0000 - 0x00007ffb6e244000 	C:\ai\.venv\lib\site-packages\tensorflow\python\framework\_op_def_registry.pyd
0x00007ffb6d0a0000 - 0x00007ffb6d378000 	C:\ai\.venv\lib\site-packages\tensorflow\python\flags_pybind.pyd
0x00007ffb6aab0000 - 0x00007ffb6ae13000 	C:\ai\.venv\lib\site-packages\tensorflow\python\framework\_op_def_library_pybind.pyd
0x00007ffb69a30000 - 0x00007ffb69d9b000 	C:\ai\.venv\lib\site-packages\tensorflow\python\lib\io\_pywrap_file_io.pyd
0x00007ffb52d50000 - 0x00007ffb53129000 	C:\ai\.venv\lib\site-packages\tensorflow\python\framework\_proto_comparators.pyd
0x00007ffb95a60000 - 0x00007ffb95a81000 	C:\ai\.venv\lib\site-packages\tensorflow\python\util\_pywrap_determinism.pyd
0x00007ffb94b20000 - 0x00007ffb94b41000 	C:\ai\.venv\lib\site-packages\tensorflow\python\util\_pywrap_tensor_float_32_execution.pyd

dbghelp: loaded successfully - version: 4.0.5 - missing functions: none
symbol engine: initialized successfully - sym options: 0x614 - pdb path: .;C:\Users\data_17\AppData\Local\Programs\Python\Python37;C:\WINDOWS\SYSTEM32;C:\Users\data_17\AppData\Local\Programs\Python\Python37\DLLs;C:\ai\.venv\lib\site-packages\numpy\.libs;C:\ai\.venv\lib\site-packages\numpy\core;C:\ai\.venv\lib\site-packages\numpy\linalg;C:\ai\.venv\lib\site-packages\numpy\fft;C:\ai\.venv\lib\site-packages\numpy\random;C:\ai\.venv\lib\site-packages\pandas\_libs;C:\ai\.venv\lib\site-packages\pandas\_libs\tslibs;C:\ai\.venv\lib\site-packages\pandas\_libs\window;C:\ai\.venv\lib\site-packages;C:\ai\.venv\lib\site-packages\tensorflow\python;C:\ai\.venv\lib\site-packages\google\protobuf\internal;C:\ai\.venv\lib\site-packages\google\protobuf\pyext;C:\ai\.venv\lib\site-packages\tensorflow\python\platform;C:\ai\.venv\lib\site-packages\tensorflow\python\client;C:\ai\.venv\lib\site-packages\tensorflow\python\util;C:\ai\.venv\lib\site-packages\wrapt;C:\ai\.venv\lib\site-packages\tensorflow\python\framework;C:\ai\.venv\lib\site-packages\tensorflow\python\lib\core;C:\ai\.venv\lib\site-packages\tensorflow\python\profiler\internal;C:\ai\.venv\lib\site-packages\tensorflow\python\lib\io;C:\ai\.venv\lib\site-packages\tensorflow\python\data\experimental\service;C:\ai\.venv\lib\site-packages\tensorflow\python\saved_model;C:\ai\.venv\lib\site-packages\tensorflow\compiler\tf2tensorrt;C:\ai\.venv\lib\site-packages\tensorflow\python\grappler;C:\ai\.venv\lib\site-packages\charset_normalizer;C:\ai\.venv\lib\site-packages\h5py;C:\ai\.venv\lib\site-packages\scipy\.libs;C:\ai\.venv\lib\site-packages\scipy\_lib;C:\ai\.venv\lib\site-packages\scipy\sparse;C:\ai\.venv\lib\site-packages\scipy\sparse\csgraph;C:\ai\.venv\lib\site-packages\tensorflow\lite\python\metrics;C:\ai\.venv\lib\site-packages\tensorflow\lite\experimental\microfrontend\python\ops;C:\ai\.venv\lib\site-packages\tensorflow\lite\python\interpreter_wrapper;C:\ai\.venv\lib\site-packages\tensorflow\lite\python\analyzer_wrapper;C:\ai\.venv\lib\site-packages\PIL;C:\ai\.venv\lib\site-packages\scipy\linalg;C:\ai\.venv\lib\site-packages\scipy\ndimage;C:\ai\.venv\lib\site-packages\scipy\special;C:\Java\jdk-17\bin\server;C:\Java\jdk-17\bin

VM Arguments:
jvm_args: -Dfile.encoding=UTF8 -ea -Xmx1024m 
java_command: <unknown>
java_class_path (initial): C:\ai\.venv\lib\site-packages\konlpy\java;C:\ai\.venv\lib\site-packages\konlpy\java\bin;C:\ai\.venv\lib\site-packages\konlpy\java\aho-corasick.jar;C:\ai\.venv\lib\site-packages\konlpy\java\jhannanum-0.8.4.jar;C:\ai\.venv\lib\site-packages\konlpy\java\kkma-2.0.jar;C:\ai\.venv\lib\site-packages\konlpy\java\komoran-3.0.jar;C:\ai\.venv\lib\site-packages\konlpy\java\open-korean-text-2.1.0.jar;C:\ai\.venv\lib\site-packages\konlpy\java\scala-library-2.12.3.jar;C:\ai\.venv\lib\site-packages\konlpy\java\shineware-common-1.0.jar;C:\ai\.venv\lib\site-packages\konlpy\java\shineware-ds-1.0.jar;C:\ai\.venv\lib\site-packages\konlpy\java\snakeyaml-1.12.jar;C:\ai\.venv\lib\site-packages\konlpy\java\twitter-text-1.14.7.jar;C:\ai\.venv\lib\site-packages\konlpy\java\jhannanum-0.8.4.jar;C:\ai\.venv\lib\site-packages\konlpy\java\kkma-2.0.jar;C:\ai\.venv\lib\site-packages\konlpy\java\aho-corasick.jar;C:\ai\.venv\lib\site-packages\konlpy\java\shineware-common-1.0.jar;C:\ai\.venv\lib\site-packages\konlpy\java\shineware-ds-1.0.jar;C:\ai\.venv\lib\site-packages\konlpy\java\komoran-3.0.jar;C:\ai\.venv\lib\site-packages\konlpy\java\snakeyaml-1.12.jar;C:\ai\.venv\lib\site-packages\konlpy\java\scala-library-2.12.3.jar;C:\ai\.venv\lib\site-packages\konlpy\java\open-korean-text-2.1.0.jar;C:\ai\.venv\lib\site-packages\konlpy\java\twitter-text-1.14.7.jar;C:\ai\.venv\lib\site-packages\konlpy\java\aho-corasick.jar;C:\ai\.venv\lib\site-packages\konlpy\java\jhannanum-0.8.4.jar;C:\ai\.venv\lib\site-packages\konlpy\java\kkma-2.0.jar;C:\ai\.venv\lib\site-packages\konlpy\java\komoran-3.0.jar;C:\ai\.venv\lib\site-packages\konlpy\java\open-korean-text-2.1.0.jar;C:\ai\.venv\lib\site-packages\konlpy\java\scala-library-2.12.3.jar;C:\ai\.venv\lib\site-packages\konlpy\java\shineware-common-1.0.jar;C:\ai\.venv\lib\site-packages\konlpy\java\shineware-ds-1.0.jar;C:\ai\.venv\lib\site-packages\konlpy\java\snakeyaml-1.12.jar;C:\ai\.venv\lib\site-packages\konlpy\java\twitter-text-1.14.7.jar
Launcher Type: generic

[Global flags]
     intx CICompilerCount                          = 12                                        {product} {ergonomic}
     uint ConcGCThreads                            = 3                                         {product} {ergonomic}
     uint G1ConcRefinementThreads                  = 13                                        {product} {ergonomic}
   size_t G1HeapRegionSize                         = 1048576                                   {product} {ergonomic}
    uintx GCDrainStackTargetSize                   = 64                                        {product} {ergonomic}
   size_t InitialHeapSize                          = 1069547520                                {product} {ergonomic}
   size_t MarkStackSize                            = 4194304                                   {product} {ergonomic}
   size_t MaxHeapSize                              = 1073741824                                {product} {command line}
   size_t MaxNewSize                               = 643825664                                 {product} {ergonomic}
   size_t MinHeapDeltaBytes                        = 1048576                                   {product} {ergonomic}
   size_t MinHeapSize                              = 8388608                                   {product} {ergonomic}
    uintx NonNMethodCodeHeapSize                   = 7602480                                {pd product} {ergonomic}
    uintx NonProfiledCodeHeapSize                  = 122027880                              {pd product} {ergonomic}
    uintx ProfiledCodeHeapSize                     = 122027880                              {pd product} {ergonomic}
    uintx ReservedCodeCacheSize                    = 251658240                              {pd product} {ergonomic}
     bool SegmentedCodeCache                       = true                                      {product} {ergonomic}
   size_t SoftMaxHeapSize                          = 1073741824                             {manageable} {ergonomic}
     bool UseCompressedClassPointers               = true                           {product lp64_product} {ergonomic}
     bool UseCompressedOops                        = true                           {product lp64_product} {ergonomic}
     bool UseG1GC                                  = true                                      {product} {ergonomic}
     bool UseLargePagesIndividualAllocation        = false                                  {pd product} {ergonomic}

Logging:
Log output configuration:
 #0: stdout all=warning uptime,level,tags
 #1: stderr all=off uptime,level,tags

Environment Variables:
JAVA_HOME=C:\Java\jdk-17
CLASSPATH=C:\Java\jdk-17\lib
PATH=C:\ai\.venv\Scripts;C:\Program Files\NVIDIA GPU Computing Toolkit\CUDA\v12.4\bin;C:\Program Files\NVIDIA GPU Computing Toolkit\CUDA\v12.4\libnvvp;C:\Program Files\ImageMagick-7.1.1-Q16;C:\Java\jdk-17\bin;C:\Program Files\Common Files\Oracle\Java\javapath;C:\Program Files (x86)\VMware\VMware Player\bin\;C:\WINDOWS\system32;C:\WINDOWS;C:\WINDOWS\System32\Wbem;C:\WINDOWS\System32\WindowsPowerShell\v1.0\;C:\WINDOWS\System32\OpenSSH\;c:\Program Files (x86)\HP\HP Performance Advisor;C:\Program Files\Bandizip\;C:\Program Files\Git\cmd;C:\jython2.7.3\bin;C:\Program Files (x86)\NetSarang\Xshell 7\;C:\Users\data_17\anaconda3;C:\Users\data_17\anaconda3\Library;C:\Users\data_17\anaconda3\Scripts;C:\Program Files\NVIDIA Corporation\Nsight Compute 2024.1.1\;C:\Program Files (x86)\NVIDIA Corporation\PhysX\Common;C:\Users\data_17\.cargo\bin;C:\Users\data_17\AppData\Local\Microsoft\WindowsApps;;C:\Program Files\JetBrains\PyCharm 2023.3.2\bin;;C:\Program Files (x86)\Brackets\;C:\ai\.venv\lib\site-packages\numpy\.libs;C:\ai\.venv\lib\site-packages\scipy\.libs
USERNAME=data_17
OS=Windows_NT
PROCESSOR_IDENTIFIER=Intel64 Family 6 Model 85 Stepping 7, GenuineIntel



---------------  S Y S T E M  ---------------

OS:
 Windows 11 , 64 bit Build 22621 (10.0.22621.3374)
OS uptime: 20 days 17:26 hours

CPU: total 16 (initial active 16) (8 cores per cpu, 2 threads per core) family 6 model 85 stepping 7 microcode 0x5003501, cx8, cmov, fxsr, ht, mmx, 3dnowpref, sse, sse2, sse3, ssse3, sse4.1, sse4.2, popcnt, lzcnt, tsc, tscinvbit, avx, avx2, aes, erms, clmul, bmi1, bmi2, adx, avx512f, avx512dq, avx512cd, avx512bw, avx512vl, fma, vzeroupper, avx512_vnni, clflush, clflushopt, clwb

Memory: 4k page, system-wide physical 65263M (30562M free)
TotalPageFile size 74991M (AvailPageFile size 25589M)
current process WorkingSet (physical memory assigned to process): 1157M, peak: 1157M
current process commit charge ("private bytes"): 1624M, peak: 2393M

vm_info: Java HotSpot(TM) 64-Bit Server VM (17.0.10+11-LTS-240) for windows-amd64 JRE (17.0.10+11-LTS-240), built on Dec 19 2023 21:47:25 by "mach5one" with MS VC++ 17.1 (VS2022)

END.
